This file contains any messages produced by compilers while
running configure, to aid debugging if configure makes a mistake.

It was created by yafc configure 1.1.1, which was
generated by GNU Autoconf 2.59.  Invocation command line was

  $ ./configure 

## --------- ##
## Platform. ##
## --------- ##

hostname = x2.lan.splicednetworks.net
uname -m = x86_64
uname -r = 2.6.9-11.ELsmp
uname -s = Linux
uname -v = #1 SMP Fri May 20 18:25:30 EDT 2005

/usr/bin/uname -p = unknown
/bin/uname -X     = unknown

/bin/arch              = x86_64
/usr/bin/arch -k       = unknown
/usr/convex/getsysinfo = unknown
hostinfo               = unknown
/bin/machine           = unknown
/usr/bin/oslevel       = unknown
/bin/universe          = unknown

PATH: /usr/kerberos/bin
PATH: /usr/local/bin
PATH: /usr/bin
PATH: /bin
PATH: /usr/X11R6/bin
PATH: /home/johnb/bin


## ----------- ##
## Core tests. ##
## ----------- ##

configure:1573: checking for a BSD-compatible install
configure:1628: result: /usr/bin/install -c
configure:1639: checking whether build environment is sane
configure:1682: result: yes
configure:1747: checking for gawk
configure:1763: found /usr/bin/gawk
configure:1773: result: gawk
configure:1783: checking whether make sets $(MAKE)
configure:1803: result: yes
configure:1984: checking build system type
configure:2002: result: x86_64-redhat-linux-gnu
configure:2010: checking host system type
configure:2024: result: x86_64-redhat-linux-gnu
configure:2085: checking for gcc
configure:2101: found /usr/bin/gcc
configure:2111: result: gcc
configure:2355: checking for C compiler version
configure:2358: gcc --version </dev/null >&5
gcc (GCC) 3.4.3 20050227 (Red Hat 3.4.3-22.1)
Copyright (C) 2004 Free Software Foundation, Inc.
This is free software; see the source for copying conditions.  There is NO
warranty; not even for MERCHANTABILITY or FITNESS FOR A PARTICULAR PURPOSE.

configure:2361: $? = 0
configure:2363: gcc -v </dev/null >&5
Reading specs from /usr/lib/gcc/x86_64-redhat-linux/3.4.3/specs
Configured with: ../configure --prefix=/usr --mandir=/usr/share/man --infodir=/usr/share/info --enable-shared --enable-threads=posix --disable-checking --with-system-zlib --enable-__cxa_atexit --disable-libunwind-exceptions --enable-java-awt=gtk --host=x86_64-redhat-linux
Thread model: posix
gcc version 3.4.3 20050227 (Red Hat 3.4.3-22.1)
configure:2366: $? = 0
configure:2368: gcc -V </dev/null >&5
gcc: `-V' option must have argument
configure:2371: $? = 1
configure:2394: checking for C compiler default output file name
configure:2397: gcc -Wall -O2 -g   conftest.c  >&5
configure:2400: $? = 0
configure:2446: result: a.out
configure:2451: checking whether the C compiler works
configure:2457: ./a.out
configure:2460: $? = 0
configure:2477: result: yes
configure:2484: checking whether we are cross compiling
configure:2486: result: no
configure:2489: checking for suffix of executables
configure:2491: gcc -o conftest -Wall -O2 -g   conftest.c  >&5
configure:2494: $? = 0
configure:2519: result: 
configure:2525: checking for suffix of object files
configure:2546: gcc -c -Wall -O2 -g  conftest.c >&5
configure:2549: $? = 0
configure:2571: result: o
configure:2575: checking whether we are using the GNU C compiler
configure:2599: gcc -c -Wall -O2 -g  conftest.c >&5
configure:2605: $? = 0
configure:2609: test -z 
			 || test ! -s conftest.err
configure:2612: $? = 0
configure:2615: test -s conftest.o
configure:2618: $? = 0
configure:2631: result: yes
configure:2637: checking whether gcc accepts -g
configure:2658: gcc -c -g  conftest.c >&5
configure:2664: $? = 0
configure:2668: test -z 
			 || test ! -s conftest.err
configure:2671: $? = 0
configure:2674: test -s conftest.o
configure:2677: $? = 0
configure:2688: result: yes
configure:2705: checking for gcc option to accept ANSI C
configure:2775: gcc  -c -Wall -O2 -g  conftest.c >&5
configure:2781: $? = 0
configure:2785: test -z 
			 || test ! -s conftest.err
configure:2788: $? = 0
configure:2791: test -s conftest.o
configure:2794: $? = 0
configure:2812: result: none needed
configure:2830: gcc -c -Wall -O2 -g  conftest.c >&5
conftest.c:2: error: syntax error before "me"
configure:2836: $? = 1
configure: failed program was:
| #ifndef __cplusplus
|   choke me
| #endif
configure:2980: checking for style of include used by make
configure:3008: result: GNU
configure:3036: checking dependency style of gcc
configure:3126: result: gcc3
configure:3145: checking for library containing strerror
configure:3175: gcc -o conftest -Wall -O2 -g   conftest.c  >&5
configure:3181: $? = 0
configure:3185: test -z 
			 || test ! -s conftest.err
configure:3188: $? = 0
configure:3191: test -s conftest
configure:3194: $? = 0
configure:3264: result: none required
configure:3276: checking how to run the C preprocessor
configure:3311: gcc -E  conftest.c
configure:3317: $? = 0
configure:3349: gcc -E  conftest.c
conftest.c:12:28: ac_nonexistent.h: No such file or directory
configure:3355: $? = 1
configure: failed program was:
| /* confdefs.h.  */
| 
| #define PACKAGE_NAME "yafc"
| #define PACKAGE_TARNAME "yafc"
| #define PACKAGE_VERSION "1.1.1"
| #define PACKAGE_STRING "yafc 1.1.1"
| #define PACKAGE_BUGREPORT "yafc-devel@lists.sourceforge.net"
| #define PACKAGE "yafc"
| #define VERSION "1.1.1"
| #define HOSTTYPE "x86_64-redhat-linux-gnu"
| /* end confdefs.h.  */
| #include <ac_nonexistent.h>
configure:3394: result: gcc -E
configure:3418: gcc -E  conftest.c
configure:3424: $? = 0
configure:3456: gcc -E  conftest.c
conftest.c:12:28: ac_nonexistent.h: No such file or directory
configure:3462: $? = 1
configure: failed program was:
| /* confdefs.h.  */
| 
| #define PACKAGE_NAME "yafc"
| #define PACKAGE_TARNAME "yafc"
| #define PACKAGE_VERSION "1.1.1"
| #define PACKAGE_STRING "yafc 1.1.1"
| #define PACKAGE_BUGREPORT "yafc-devel@lists.sourceforge.net"
| #define PACKAGE "yafc"
| #define VERSION "1.1.1"
| #define HOSTTYPE "x86_64-redhat-linux-gnu"
| /* end confdefs.h.  */
| #include <ac_nonexistent.h>
configure:3506: checking for egrep
configure:3516: result: grep -E
configure:3522: checking for AIX
configure:3544: result: no
configure:3550: checking for ANSI C header files
configure:3575: gcc -c -Wall -O2 -g  conftest.c >&5
configure:3581: $? = 0
configure:3585: test -z 
			 || test ! -s conftest.err
configure:3588: $? = 0
configure:3591: test -s conftest.o
configure:3594: $? = 0
configure:3683: gcc -o conftest -Wall -O2 -g   conftest.c  >&5
conftest.c: In function `main':
conftest.c:29: warning: implicit declaration of function `exit'
configure:3686: $? = 0
configure:3688: ./conftest
configure:3691: $? = 0
configure:3706: result: yes
configure:3730: checking for sys/types.h
configure:3746: gcc -c -Wall -O2 -g  conftest.c >&5
configure:3752: $? = 0
configure:3756: test -z 
			 || test ! -s conftest.err
configure:3759: $? = 0
configure:3762: test -s conftest.o
configure:3765: $? = 0
configure:3776: result: yes
configure:3730: checking for sys/stat.h
configure:3746: gcc -c -Wall -O2 -g  conftest.c >&5
configure:3752: $? = 0
configure:3756: test -z 
			 || test ! -s conftest.err
configure:3759: $? = 0
configure:3762: test -s conftest.o
configure:3765: $? = 0
configure:3776: result: yes
configure:3730: checking for stdlib.h
configure:3746: gcc -c -Wall -O2 -g  conftest.c >&5
configure:3752: $? = 0
configure:3756: test -z 
			 || test ! -s conftest.err
configure:3759: $? = 0
configure:3762: test -s conftest.o
configure:3765: $? = 0
configure:3776: result: yes
configure:3730: checking for string.h
configure:3746: gcc -c -Wall -O2 -g  conftest.c >&5
configure:3752: $? = 0
configure:3756: test -z 
			 || test ! -s conftest.err
configure:3759: $? = 0
configure:3762: test -s conftest.o
configure:3765: $? = 0
configure:3776: result: yes
configure:3730: checking for memory.h
configure:3746: gcc -c -Wall -O2 -g  conftest.c >&5
configure:3752: $? = 0
configure:3756: test -z 
			 || test ! -s conftest.err
configure:3759: $? = 0
configure:3762: test -s conftest.o
configure:3765: $? = 0
configure:3776: result: yes
configure:3730: checking for strings.h
configure:3746: gcc -c -Wall -O2 -g  conftest.c >&5
configure:3752: $? = 0
configure:3756: test -z 
			 || test ! -s conftest.err
configure:3759: $? = 0
configure:3762: test -s conftest.o
configure:3765: $? = 0
configure:3776: result: yes
configure:3730: checking for inttypes.h
configure:3746: gcc -c -Wall -O2 -g  conftest.c >&5
configure:3752: $? = 0
configure:3756: test -z 
			 || test ! -s conftest.err
configure:3759: $? = 0
configure:3762: test -s conftest.o
configure:3765: $? = 0
configure:3776: result: yes
configure:3730: checking for stdint.h
configure:3746: gcc -c -Wall -O2 -g  conftest.c >&5
configure:3752: $? = 0
configure:3756: test -z 
			 || test ! -s conftest.err
configure:3759: $? = 0
configure:3762: test -s conftest.o
configure:3765: $? = 0
configure:3776: result: yes
configure:3730: checking for unistd.h
configure:3746: gcc -c -Wall -O2 -g  conftest.c >&5
configure:3752: $? = 0
configure:3756: test -z 
			 || test ! -s conftest.err
configure:3759: $? = 0
configure:3762: test -s conftest.o
configure:3765: $? = 0
configure:3776: result: yes
configure:3798: checking minix/config.h usability
configure:3810: gcc -c -Wall -O2 -g  conftest.c >&5
conftest.c:56:26: minix/config.h: No such file or directory
configure:3816: $? = 1
configure: failed program was:
| /* confdefs.h.  */
| 
| #define PACKAGE_NAME "yafc"
| #define PACKAGE_TARNAME "yafc"
| #define PACKAGE_VERSION "1.1.1"
| #define PACKAGE_STRING "yafc 1.1.1"
| #define PACKAGE_BUGREPORT "yafc-devel@lists.sourceforge.net"
| #define PACKAGE "yafc"
| #define VERSION "1.1.1"
| #define HOSTTYPE "x86_64-redhat-linux-gnu"
| #define STDC_HEADERS 1
| #define HAVE_SYS_TYPES_H 1
| #define HAVE_SYS_STAT_H 1
| #define HAVE_STDLIB_H 1
| #define HAVE_STRING_H 1
| #define HAVE_MEMORY_H 1
| #define HAVE_STRINGS_H 1
| #define HAVE_INTTYPES_H 1
| #define HAVE_STDINT_H 1
| #define HAVE_UNISTD_H 1
| /* end confdefs.h.  */
| #include <stdio.h>
| #if HAVE_SYS_TYPES_H
| # include <sys/types.h>
| #endif
| #if HAVE_SYS_STAT_H
| # include <sys/stat.h>
| #endif
| #if STDC_HEADERS
| # include <stdlib.h>
| # include <stddef.h>
| #else
| # if HAVE_STDLIB_H
| #  include <stdlib.h>
| # endif
| #endif
| #if HAVE_STRING_H
| # if !STDC_HEADERS && HAVE_MEMORY_H
| #  include <memory.h>
| # endif
| # include <string.h>
| #endif
| #if HAVE_STRINGS_H
| # include <strings.h>
| #endif
| #if HAVE_INTTYPES_H
| # include <inttypes.h>
| #else
| # if HAVE_STDINT_H
| #  include <stdint.h>
| # endif
| #endif
| #if HAVE_UNISTD_H
| # include <unistd.h>
| #endif
| #include <minix/config.h>
configure:3839: result: no
configure:3843: checking minix/config.h presence
configure:3853: gcc -E  conftest.c
conftest.c:22:26: minix/config.h: No such file or directory
configure:3859: $? = 1
configure: failed program was:
| /* confdefs.h.  */
| 
| #define PACKAGE_NAME "yafc"
| #define PACKAGE_TARNAME "yafc"
| #define PACKAGE_VERSION "1.1.1"
| #define PACKAGE_STRING "yafc 1.1.1"
| #define PACKAGE_BUGREPORT "yafc-devel@lists.sourceforge.net"
| #define PACKAGE "yafc"
| #define VERSION "1.1.1"
| #define HOSTTYPE "x86_64-redhat-linux-gnu"
| #define STDC_HEADERS 1
| #define HAVE_SYS_TYPES_H 1
| #define HAVE_SYS_STAT_H 1
| #define HAVE_STDLIB_H 1
| #define HAVE_STRING_H 1
| #define HAVE_MEMORY_H 1
| #define HAVE_STRINGS_H 1
| #define HAVE_INTTYPES_H 1
| #define HAVE_STDINT_H 1
| #define HAVE_UNISTD_H 1
| /* end confdefs.h.  */
| #include <minix/config.h>
configure:3879: result: no
configure:3914: checking for minix/config.h
configure:3921: result: no
configure:3997: checking for gcc
configure:4023: result: gcc
configure:4267: checking for C compiler version
configure:4270: gcc --version </dev/null >&5
gcc (GCC) 3.4.3 20050227 (Red Hat 3.4.3-22.1)
Copyright (C) 2004 Free Software Foundation, Inc.
This is free software; see the source for copying conditions.  There is NO
warranty; not even for MERCHANTABILITY or FITNESS FOR A PARTICULAR PURPOSE.

configure:4273: $? = 0
configure:4275: gcc -v </dev/null >&5
Reading specs from /usr/lib/gcc/x86_64-redhat-linux/3.4.3/specs
Configured with: ../configure --prefix=/usr --mandir=/usr/share/man --infodir=/usr/share/info --enable-shared --enable-threads=posix --disable-checking --with-system-zlib --enable-__cxa_atexit --disable-libunwind-exceptions --enable-java-awt=gtk --host=x86_64-redhat-linux
Thread model: posix
gcc version 3.4.3 20050227 (Red Hat 3.4.3-22.1)
configure:4278: $? = 0
configure:4280: gcc -V </dev/null >&5
gcc: `-V' option must have argument
configure:4283: $? = 1
configure:4286: checking whether we are using the GNU C compiler
configure:4342: result: yes
configure:4348: checking whether gcc accepts -g
configure:4399: result: yes
configure:4416: checking for gcc option to accept ANSI C
configure:4523: result: none needed
configure:4541: gcc -c -Wall -O2 -g  conftest.c >&5
conftest.c:2: error: syntax error before "me"
configure:4547: $? = 1
configure: failed program was:
| #ifndef __cplusplus
|   choke me
| #endif
configure:4682: checking dependency style of gcc
configure:4772: result: gcc3
configure:4805: checking for a BSD-compatible install
configure:4860: result: /usr/bin/install -c
configure:4943: checking for a sed that does not truncate output
configure:4997: result: /bin/sed
configure:5011: checking for ld used by gcc
configure:5078: result: /usr/bin/ld
configure:5087: checking if the linker (/usr/bin/ld) is GNU ld
configure:5102: result: yes
configure:5107: checking for /usr/bin/ld option to reload object files
configure:5114: result: -r
configure:5123: checking for BSD-compatible nm
configure:5165: result: /usr/bin/nm -B
configure:5169: checking whether ln -s works
configure:5173: result: yes
configure:5180: checking how to recognise dependent libraries
configure:5363: result: pass_all
configure:5447: gcc -c -Wall -O2 -g  conftest.c >&5
configure:5450: $? = 0
configure:5585: checking dlfcn.h usability
configure:5597: gcc -c -Wall -O2 -g  conftest.c >&5
configure:5603: $? = 0
configure:5607: test -z 
			 || test ! -s conftest.err
configure:5610: $? = 0
configure:5613: test -s conftest.o
configure:5616: $? = 0
configure:5626: result: yes
configure:5630: checking dlfcn.h presence
configure:5640: gcc -E  conftest.c
configure:5646: $? = 0
configure:5666: result: yes
configure:5701: checking for dlfcn.h
configure:5708: result: yes
configure:5773: checking for g++
configure:5789: found /usr/bin/g++
configure:5799: result: g++
configure:5815: checking for C++ compiler version
configure:5818: g++ --version </dev/null >&5
g++ (GCC) 3.4.3 20050227 (Red Hat 3.4.3-22.1)
Copyright (C) 2004 Free Software Foundation, Inc.
This is free software; see the source for copying conditions.  There is NO
warranty; not even for MERCHANTABILITY or FITNESS FOR A PARTICULAR PURPOSE.

configure:5821: $? = 0
configure:5823: g++ -v </dev/null >&5
Reading specs from /usr/lib/gcc/x86_64-redhat-linux/3.4.3/specs
Configured with: ../configure --prefix=/usr --mandir=/usr/share/man --infodir=/usr/share/info --enable-shared --enable-threads=posix --disable-checking --with-system-zlib --enable-__cxa_atexit --disable-libunwind-exceptions --enable-java-awt=gtk --host=x86_64-redhat-linux
Thread model: posix
gcc version 3.4.3 20050227 (Red Hat 3.4.3-22.1)
configure:5826: $? = 0
configure:5828: g++ -V </dev/null >&5
g++: `-V' option must have argument
configure:5831: $? = 1
configure:5834: checking whether we are using the GNU C++ compiler
configure:5858: g++ -c   conftest.cc >&5
configure:5864: $? = 0
configure:5868: test -z 
			 || test ! -s conftest.err
configure:5871: $? = 0
configure:5874: test -s conftest.o
configure:5877: $? = 0
configure:5890: result: yes
configure:5896: checking whether g++ accepts -g
configure:5917: g++ -c -g  conftest.cc >&5
configure:5923: $? = 0
configure:5927: test -z 
			 || test ! -s conftest.err
configure:5930: $? = 0
configure:5933: test -s conftest.o
configure:5936: $? = 0
configure:5947: result: yes
configure:5989: g++ -c -g -O2  conftest.cc >&5
configure:5995: $? = 0
configure:5999: test -z 
			 || test ! -s conftest.err
configure:6002: $? = 0
configure:6005: test -s conftest.o
configure:6008: $? = 0
configure:6034: g++ -c -g -O2  conftest.cc >&5
conftest.cc: In function `int main()':
conftest.cc:27: error: `exit' undeclared (first use this function)
conftest.cc:27: error: (Each undeclared identifier is reported only once for each function it appears in.)
configure:6040: $? = 1
configure: failed program was:
| /* confdefs.h.  */
| 
| #define PACKAGE_NAME "yafc"
| #define PACKAGE_TARNAME "yafc"
| #define PACKAGE_VERSION "1.1.1"
| #define PACKAGE_STRING "yafc 1.1.1"
| #define PACKAGE_BUGREPORT "yafc-devel@lists.sourceforge.net"
| #define PACKAGE "yafc"
| #define VERSION "1.1.1"
| #define HOSTTYPE "x86_64-redhat-linux-gnu"
| #define STDC_HEADERS 1
| #define HAVE_SYS_TYPES_H 1
| #define HAVE_SYS_STAT_H 1
| #define HAVE_STDLIB_H 1
| #define HAVE_STRING_H 1
| #define HAVE_MEMORY_H 1
| #define HAVE_STRINGS_H 1
| #define HAVE_INTTYPES_H 1
| #define HAVE_STDINT_H 1
| #define HAVE_UNISTD_H 1
| #define HAVE_DLFCN_H 1
| /* end confdefs.h.  */
| 
| int
| main ()
| {
| exit (42);
|   ;
|   return 0;
| }
configure:5989: g++ -c -g -O2  conftest.cc >&5
configure:5995: $? = 0
configure:5999: test -z 
			 || test ! -s conftest.err
configure:6002: $? = 0
configure:6005: test -s conftest.o
configure:6008: $? = 0
configure:6034: g++ -c -g -O2  conftest.cc >&5
configure:6040: $? = 0
configure:6044: test -z 
			 || test ! -s conftest.err
configure:6047: $? = 0
configure:6050: test -s conftest.o
configure:6053: $? = 0
configure:6078: checking dependency style of g++
configure:6168: result: gcc3
configure:6190: checking how to run the C++ preprocessor
configure:6221: g++ -E  conftest.cc
configure:6227: $? = 0
configure:6259: g++ -E  conftest.cc
conftest.cc:26:28: ac_nonexistent.h: No such file or directory
configure:6265: $? = 1
configure: failed program was:
| /* confdefs.h.  */
| 
| #define PACKAGE_NAME "yafc"
| #define PACKAGE_TARNAME "yafc"
| #define PACKAGE_VERSION "1.1.1"
| #define PACKAGE_STRING "yafc 1.1.1"
| #define PACKAGE_BUGREPORT "yafc-devel@lists.sourceforge.net"
| #define PACKAGE "yafc"
| #define VERSION "1.1.1"
| #define HOSTTYPE "x86_64-redhat-linux-gnu"
| #define STDC_HEADERS 1
| #define HAVE_SYS_TYPES_H 1
| #define HAVE_SYS_STAT_H 1
| #define HAVE_STDLIB_H 1
| #define HAVE_STRING_H 1
| #define HAVE_MEMORY_H 1
| #define HAVE_STRINGS_H 1
| #define HAVE_INTTYPES_H 1
| #define HAVE_STDINT_H 1
| #define HAVE_UNISTD_H 1
| #define HAVE_DLFCN_H 1
| #ifdef __cplusplus
| extern "C" void std::exit (int) throw (); using std::exit;
| #endif
| /* end confdefs.h.  */
| #include <ac_nonexistent.h>
configure:6304: result: g++ -E
configure:6328: g++ -E  conftest.cc
configure:6334: $? = 0
configure:6366: g++ -E  conftest.cc
conftest.cc:26:28: ac_nonexistent.h: No such file or directory
configure:6372: $? = 1
configure: failed program was:
| /* confdefs.h.  */
| 
| #define PACKAGE_NAME "yafc"
| #define PACKAGE_TARNAME "yafc"
| #define PACKAGE_VERSION "1.1.1"
| #define PACKAGE_STRING "yafc 1.1.1"
| #define PACKAGE_BUGREPORT "yafc-devel@lists.sourceforge.net"
| #define PACKAGE "yafc"
| #define VERSION "1.1.1"
| #define HOSTTYPE "x86_64-redhat-linux-gnu"
| #define STDC_HEADERS 1
| #define HAVE_SYS_TYPES_H 1
| #define HAVE_SYS_STAT_H 1
| #define HAVE_STDLIB_H 1
| #define HAVE_STRING_H 1
| #define HAVE_MEMORY_H 1
| #define HAVE_STRINGS_H 1
| #define HAVE_INTTYPES_H 1
| #define HAVE_STDINT_H 1
| #define HAVE_UNISTD_H 1
| #define HAVE_DLFCN_H 1
| #ifdef __cplusplus
| extern "C" void std::exit (int) throw (); using std::exit;
| #endif
| /* end confdefs.h.  */
| #include <ac_nonexistent.h>
configure:6467: checking for g77
configure:6483: found /usr/bin/g77
configure:6493: result: g77
configure:6508: checking for Fortran 77 compiler version
configure:6511: g77 --version </dev/null >&5
GNU Fortran (GCC) 3.4.3 20050227 (Red Hat 3.4.3-22.1)
Copyright (C) 2004 Free Software Foundation, Inc.

GNU Fortran comes with NO WARRANTY, to the extent permitted by law.
You may redistribute copies of GNU Fortran
under the terms of the GNU General Public License.
For more information about these matters, see the file named COPYING
or type the command `info -f g77 Copying'.
configure:6514: $? = 0
configure:6516: g77 -v </dev/null >&5
Reading specs from /usr/lib/gcc/x86_64-redhat-linux/3.4.3/specs
Configured with: ../configure --prefix=/usr --mandir=/usr/share/man --infodir=/usr/share/info --enable-shared --enable-threads=posix --disable-checking --with-system-zlib --enable-__cxa_atexit --disable-libunwind-exceptions --enable-java-awt=gtk --host=x86_64-redhat-linux
Thread model: posix
gcc version 3.4.3 20050227 (Red Hat 3.4.3-22.1)
configure:6519: $? = 0
configure:6521: g77 -V </dev/null >&5
g77: `-V' option must have argument
configure:6524: $? = 1
configure:6532: checking whether we are using the GNU Fortran 77 compiler
configure:6546: g77 -c  conftest.F >&5
configure:6552: $? = 0
configure:6556: test -z 
			 || test ! -s conftest.err
configure:6559: $? = 0
configure:6562: test -s conftest.o
configure:6565: $? = 0
configure:6578: result: yes
configure:6584: checking whether g77 accepts -g
configure:6596: g77 -c -g conftest.f >&5
configure:6602: $? = 0
configure:6606: test -z 
			 || test ! -s conftest.err
configure:6609: $? = 0
configure:6612: test -s conftest.o
configure:6615: $? = 0
configure:6627: result: yes
configure:6657: checking the maximum length of command line arguments
configure:6722: result: 32768
configure:6733: checking command to parse /usr/bin/nm -B output from gcc object
configure:6822: gcc -c -Wall -O2 -g  conftest.c >&5
configure:6825: $? = 0
configure:6829: /usr/bin/nm -B conftest.o \| sed -n -e 's/^.*[ 	]\([ABCDGIRSTW][ABCDGIRSTW]*\)[ 	][ 	]*\(\)\([_A-Za-z][_A-Za-z0-9]*\)$/\1 \2\3 \3/p' \> conftest.nm
configure:6832: $? = 0
configure:6884: gcc -o conftest -Wall -O2 -g   conftest.c conftstm.o >&5
configure:6887: $? = 0
configure:6925: result: ok
configure:6929: checking for objdir
configure:6944: result: .libs
configure:7034: checking for ar
configure:7050: found /usr/bin/ar
configure:7061: result: ar
configure:7114: checking for ranlib
configure:7130: found /usr/bin/ranlib
configure:7141: result: ranlib
configure:7194: checking for strip
configure:7210: found /usr/bin/strip
configure:7221: result: strip
configure:7483: checking if gcc static flag  works
configure:7506: result: yes
configure:7524: checking if gcc supports -fno-rtti -fno-exceptions
configure:7542: gcc -c -Wall -O2 -g  -fno-rtti -fno-exceptions conftest.c >&5
cc1: warning: command line option "-fno-rtti" is valid for C++/ObjC++ but not for C
configure:7546: $? = 0
configure:7557: result: no
configure:7572: checking for gcc option to produce PIC
configure:7749: result: -fPIC
configure:7757: checking if gcc PIC flag -fPIC works
configure:7775: gcc -c -Wall -O2 -g  -fPIC -DPIC conftest.c >&5
configure:7779: $? = 0
configure:7790: result: yes
configure:7814: checking if gcc supports -c -o file.o
configure:7835: gcc -c -Wall -O2 -g  -o out/conftest2.o conftest.c >&5
configure:7839: $? = 0
configure:7859: result: yes
configure:7885: checking whether the gcc linker (/usr/bin/ld -m elf_x86_64) supports shared libraries
configure:8733: result: yes
configure:8759: checking whether -lc should be explicitly linked in
configure:8764: gcc -c -Wall -O2 -g  conftest.c >&5
configure:8767: $? = 0
configure:8781: gcc -shared conftest.o  -v -Wl,-soname -Wl,conftest -o conftest 2\>\&1 \| grep  -lc  \>/dev/null 2\>\&1
configure:8784: $? = 0
configure:8796: result: no
configure:8804: checking dynamic linker characteristics
configure:9170: gcc -c -Wall -O2 -g  conftest.c >&5
configure:9173: $? = 0
configure:9365: result: GNU/Linux ld.so
configure:9369: checking how to hardcode library paths into programs
configure:9394: result: immediate
configure:9408: checking whether stripping libraries is possible
configure:9413: result: yes
configure:10243: checking if libtool supports shared libraries
configure:10245: result: yes
configure:10248: checking whether to build shared libraries
configure:10306: result: yes
configure:10309: checking whether to build static libraries
configure:10313: result: yes
configure:10405: creating libtool
configure:10952: checking for ld used by g++
configure:11019: result: /usr/bin/ld -m elf_x86_64
configure:11028: checking if the linker (/usr/bin/ld -m elf_x86_64) is GNU ld
configure:11043: result: yes
configure:11094: checking whether the g++ linker (/usr/bin/ld -m elf_x86_64) supports shared libraries
configure:11922: result: yes
configure:11940: g++ -c -g -O2  conftest.cc >&5
configure:11943: $? = 0
configure:12039: checking for g++ option to produce PIC
configure:12291: result: -fPIC
configure:12299: checking if g++ PIC flag -fPIC works
configure:12317: g++ -c -g -O2  -fPIC -DPIC conftest.cc >&5
configure:12321: $? = 0
configure:12332: result: yes
configure:12356: checking if g++ supports -c -o file.o
configure:12377: g++ -c -g -O2  -o out/conftest2.o conftest.cc >&5
configure:12381: $? = 0
configure:12401: result: yes
configure:12427: checking whether the g++ linker (/usr/bin/ld -m elf_x86_64) supports shared libraries
configure:12452: result: yes
configure:12523: checking dynamic linker characteristics
configure:12889: g++ -c -g -O2  conftest.cc >&5
configure:12892: $? = 0
configure:13084: result: GNU/Linux ld.so
configure:13088: checking how to hardcode library paths into programs
configure:13113: result: immediate
configure:13127: checking whether stripping libraries is possible
configure:13132: result: yes
configure:14439: checking if libtool supports shared libraries
configure:14441: result: yes
configure:14444: checking whether to build shared libraries
configure:14462: result: yes
configure:14465: checking whether to build static libraries
configure:14469: result: yes
configure:14481: checking for g77 option to produce PIC
configure:14658: result: -fPIC
configure:14666: checking if g77 PIC flag -fPIC works
configure:14684: g77 -c -g -O2 -fPIC conftest.f >&5
configure:14688: $? = 0
configure:14699: result: yes
configure:14723: checking if g77 supports -c -o file.o
configure:14744: g77 -c -g -O2 -o out/conftest2.o conftest.f >&5
configure:14748: $? = 0
configure:14768: result: yes
configure:14794: checking whether the g77 linker (/usr/bin/ld -m elf_x86_64) supports shared libraries
configure:15622: result: yes
configure:15693: checking dynamic linker characteristics
configure:16059: g77 -c -g -O2 conftest.f >&5
configure:16062: $? = 0
configure:16254: result: GNU/Linux ld.so
configure:16258: checking how to hardcode library paths into programs
configure:16283: result: immediate
configure:16297: checking whether stripping libraries is possible
configure:16302: result: yes
configure:20423: checking for ANSI C header files
configure:20579: result: yes
configure:20589: checking for sys/wait.h that is POSIX.1 compatible
configure:20620: gcc -c -Wall -O2 -g  conftest.c >&5
configure:20626: $? = 0
configure:20630: test -z 
			 || test ! -s conftest.err
configure:20633: $? = 0
configure:20636: test -s conftest.o
configure:20639: $? = 0
configure:20650: result: yes
configure:20660: checking whether stat file-mode macros are broken
configure:20708: result: no
configure:20718: checking whether time.h and sys/time.h may both be included
configure:20743: gcc -c -Wall -O2 -g  conftest.c >&5
configure:20749: $? = 0
configure:20753: test -z 
			 || test ! -s conftest.err
configure:20756: $? = 0
configure:20759: test -s conftest.o
configure:20762: $? = 0
configure:20773: result: yes
configure:20819: checking for unistd.h
configure:20824: result: yes
configure:20819: checking for stdlib.h
configure:20824: result: yes
configure:20828: checking pwd.h usability
configure:20840: gcc -c -Wall -O2 -g  conftest.c >&5
configure:20846: $? = 0
configure:20850: test -z 
			 || test ! -s conftest.err
configure:20853: $? = 0
configure:20856: test -s conftest.o
configure:20859: $? = 0
configure:20869: result: yes
configure:20873: checking pwd.h presence
configure:20883: gcc -E  conftest.c
configure:20889: $? = 0
configure:20909: result: yes
configure:20944: checking for pwd.h
configure:20951: result: yes
configure:20819: checking for sys/stat.h
configure:20824: result: yes
configure:20828: checking sys/socket.h usability
configure:20840: gcc -c -Wall -O2 -g  conftest.c >&5
configure:20846: $? = 0
configure:20850: test -z 
			 || test ! -s conftest.err
configure:20853: $? = 0
configure:20856: test -s conftest.o
configure:20859: $? = 0
configure:20869: result: yes
configure:20873: checking sys/socket.h presence
configure:20883: gcc -E  conftest.c
configure:20889: $? = 0
configure:20909: result: yes
configure:20944: checking for sys/socket.h
configure:20951: result: yes
configure:20819: checking for sys/types.h
configure:20824: result: yes
configure:20828: checking sys/bitypes.h usability
configure:20840: gcc -c -Wall -O2 -g  conftest.c >&5
configure:20846: $? = 0
configure:20850: test -z 
			 || test ! -s conftest.err
configure:20853: $? = 0
configure:20856: test -s conftest.o
configure:20859: $? = 0
configure:20869: result: yes
configure:20873: checking sys/bitypes.h presence
configure:20883: gcc -E  conftest.c
configure:20889: $? = 0
configure:20909: result: yes
configure:20944: checking for sys/bitypes.h
configure:20951: result: yes
configure:20828: checking netdb.h usability
configure:20840: gcc -c -Wall -O2 -g  conftest.c >&5
configure:20846: $? = 0
configure:20850: test -z 
			 || test ! -s conftest.err
configure:20853: $? = 0
configure:20856: test -s conftest.o
configure:20859: $? = 0
configure:20869: result: yes
configure:20873: checking netdb.h presence
configure:20883: gcc -E  conftest.c
configure:20889: $? = 0
configure:20909: result: yes
configure:20944: checking for netdb.h
configure:20951: result: yes
configure:20828: checking netinet/in.h usability
configure:20840: gcc -c -Wall -O2 -g  conftest.c >&5
configure:20846: $? = 0
configure:20850: test -z 
			 || test ! -s conftest.err
configure:20853: $? = 0
configure:20856: test -s conftest.o
configure:20859: $? = 0
configure:20869: result: yes
configure:20873: checking netinet/in.h presence
configure:20883: gcc -E  conftest.c
configure:20889: $? = 0
configure:20909: result: yes
configure:20944: checking for netinet/in.h
configure:20951: result: yes
configure:20828: checking netinet/ip.h usability
configure:20840: gcc -c -Wall -O2 -g  conftest.c >&5
configure:20846: $? = 0
configure:20850: test -z 
			 || test ! -s conftest.err
configure:20853: $? = 0
configure:20856: test -s conftest.o
configure:20859: $? = 0
configure:20869: result: yes
configure:20873: checking netinet/ip.h presence
configure:20883: gcc -E  conftest.c
configure:20889: $? = 0
configure:20909: result: yes
configure:20944: checking for netinet/ip.h
configure:20951: result: yes
configure:20828: checking netinet/in_systm.h usability
configure:20840: gcc -c -Wall -O2 -g  conftest.c >&5
configure:20846: $? = 0
configure:20850: test -z 
			 || test ! -s conftest.err
configure:20853: $? = 0
configure:20856: test -s conftest.o
configure:20859: $? = 0
configure:20869: result: yes
configure:20873: checking netinet/in_systm.h presence
configure:20883: gcc -E  conftest.c
configure:20889: $? = 0
configure:20909: result: yes
configure:20944: checking for netinet/in_systm.h
configure:20951: result: yes
configure:20828: checking arpa/inet.h usability
configure:20840: gcc -c -Wall -O2 -g  conftest.c >&5
configure:20846: $? = 0
configure:20850: test -z 
			 || test ! -s conftest.err
configure:20853: $? = 0
configure:20856: test -s conftest.o
configure:20859: $? = 0
configure:20869: result: yes
configure:20873: checking arpa/inet.h presence
configure:20883: gcc -E  conftest.c
configure:20889: $? = 0
configure:20909: result: yes
configure:20944: checking for arpa/inet.h
configure:20951: result: yes
configure:20828: checking sys/ioctl.h usability
configure:20840: gcc -c -Wall -O2 -g  conftest.c >&5
configure:20846: $? = 0
configure:20850: test -z 
			 || test ! -s conftest.err
configure:20853: $? = 0
configure:20856: test -s conftest.o
configure:20859: $? = 0
configure:20869: result: yes
configure:20873: checking sys/ioctl.h presence
configure:20883: gcc -E  conftest.c
configure:20889: $? = 0
configure:20909: result: yes
configure:20944: checking for sys/ioctl.h
configure:20951: result: yes
configure:20819: checking for memory.h
configure:20824: result: yes
configure:20828: checking setjmp.h usability
configure:20840: gcc -c -Wall -O2 -g  conftest.c >&5
configure:20846: $? = 0
configure:20850: test -z 
			 || test ! -s conftest.err
configure:20853: $? = 0
configure:20856: test -s conftest.o
configure:20859: $? = 0
configure:20869: result: yes
configure:20873: checking setjmp.h presence
configure:20883: gcc -E  conftest.c
configure:20889: $? = 0
configure:20909: result: yes
configure:20944: checking for setjmp.h
configure:20951: result: yes
configure:20828: checking errno.h usability
configure:20840: gcc -c -Wall -O2 -g  conftest.c >&5
configure:20846: $? = 0
configure:20850: test -z 
			 || test ! -s conftest.err
configure:20853: $? = 0
configure:20856: test -s conftest.o
configure:20859: $? = 0
configure:20869: result: yes
configure:20873: checking errno.h presence
configure:20883: gcc -E  conftest.c
configure:20889: $? = 0
configure:20909: result: yes
configure:20944: checking for errno.h
configure:20951: result: yes
configure:20979: checking dirent.h usability
configure:20991: gcc -c -Wall -O2 -g  conftest.c >&5
configure:20997: $? = 0
configure:21001: test -z 
			 || test ! -s conftest.err
configure:21004: $? = 0
configure:21007: test -s conftest.o
configure:21010: $? = 0
configure:21020: result: yes
configure:21024: checking dirent.h presence
configure:21034: gcc -E  conftest.c
configure:21040: $? = 0
configure:21060: result: yes
configure:21095: checking for dirent.h
configure:21102: result: yes
configure:21272: checking for an ANSI C-conforming const
configure:21339: gcc -c -Wall -O2 -g  conftest.c >&5
conftest.c: In function `main':
conftest.c:73: warning: unused variable `s'
conftest.c:93: warning: unused variable `foo'
conftest.c:54: warning: unused variable `x'
conftest.c:60: warning: unused variable `zero'
conftest.c:90: warning: 'b' might be used uninitialized in this function
conftest.c:72: warning: 't' might be used uninitialized in this function
configure:21345: $? = 0
configure:21349: test -z 
			 || test ! -s conftest.err
configure:21352: $? = 0
configure:21355: test -s conftest.o
configure:21358: $? = 0
configure:21369: result: yes
configure:21379: checking for pid_t
configure:21403: gcc -c -Wall -O2 -g  conftest.c >&5
configure:21409: $? = 0
configure:21413: test -z 
			 || test ! -s conftest.err
configure:21416: $? = 0
configure:21419: test -s conftest.o
configure:21422: $? = 0
configure:21433: result: yes
configure:21445: checking for size_t
configure:21469: gcc -c -Wall -O2 -g  conftest.c >&5
configure:21475: $? = 0
configure:21479: test -z 
			 || test ! -s conftest.err
configure:21482: $? = 0
configure:21485: test -s conftest.o
configure:21488: $? = 0
configure:21499: result: yes
configure:21511: checking for mode_t
configure:21535: gcc -c -Wall -O2 -g  conftest.c >&5
configure:21541: $? = 0
configure:21545: test -z 
			 || test ! -s conftest.err
configure:21548: $? = 0
configure:21551: test -s conftest.o
configure:21554: $? = 0
configure:21565: result: yes
configure:21579: checking for u_intXX_t types
configure:21601: gcc -c -Wall -O2 -g  conftest.c >&5
configure:21607: $? = 0
configure:21611: test -z 
			 || test ! -s conftest.err
configure:21614: $? = 0
configure:21617: test -s conftest.o
configure:21620: $? = 0
configure:21633: result: yes
configure:22956: checking for u_int64_t type
configure:22978: gcc -c -Wall -O2 -g  conftest.c >&5
configure:22984: $? = 0
configure:22988: test -z 
			 || test ! -s conftest.err
configure:22991: $? = 0
configure:22994: test -s conftest.o
configure:22997: $? = 0
configure:23010: result: yes
configure:23923: checking for working alloca.h
configure:23944: gcc -o conftest -Wall -O2 -g   conftest.c  >&5
conftest.c: In function `main':
conftest.c:52: warning: unused variable `p'
configure:23950: $? = 0
configure:23954: test -z 
			 || test ! -s conftest.err
configure:23957: $? = 0
configure:23960: test -s conftest
configure:23963: $? = 0
configure:23975: result: yes
configure:23985: checking for alloca
configure:24026: gcc -o conftest -Wall -O2 -g   conftest.c  >&5
conftest.c: In function `main':
conftest.c:73: warning: unused variable `p'
configure:24032: $? = 0
configure:24036: test -z 
			 || test ! -s conftest.err
configure:24039: $? = 0
configure:24042: test -s conftest
configure:24045: $? = 0
configure:24057: result: yes
configure:24287: checking for strcoll
configure:24344: gcc -o conftest -Wall -O2 -g   conftest.c  >&5
configure:24350: $? = 0
configure:24354: test -z 
			 || test ! -s conftest.err
configure:24357: $? = 0
configure:24360: test -s conftest
configure:24363: $? = 0
configure:24375: result: yes
configure:24287: checking for memcpy
configure:24344: gcc -o conftest -Wall -O2 -g   conftest.c  >&5
conftest.c:75: warning: conflicting types for built-in function 'memcpy'
configure:24350: $? = 0
configure:24354: test -z 
			 || test ! -s conftest.err
configure:24357: $? = 0
configure:24360: test -s conftest
configure:24363: $? = 0
configure:24375: result: yes
configure:24287: checking for sigsetjmp
configure:24344: gcc -o conftest -Wall -O2 -g   conftest.c  >&5
/tmp/ccOg6yd6.o(.text+0x9): In function `main':
/home/johnb/projects/sf/yafc-1.1.1/conftest.c:92: undefined reference to `sigsetjmp'
/tmp/ccOg6yd6.o(.data+0x0): undefined reference to `sigsetjmp'
collect2: ld returned 1 exit status
configure:24350: $? = 1
configure: failed program was:
| /* confdefs.h.  */
| 
| #define PACKAGE_NAME "yafc"
| #define PACKAGE_TARNAME "yafc"
| #define PACKAGE_VERSION "1.1.1"
| #define PACKAGE_STRING "yafc 1.1.1"
| #define PACKAGE_BUGREPORT "yafc-devel@lists.sourceforge.net"
| #define PACKAGE "yafc"
| #define VERSION "1.1.1"
| #define HOSTTYPE "x86_64-redhat-linux-gnu"
| #define STDC_HEADERS 1
| #define HAVE_SYS_TYPES_H 1
| #define HAVE_SYS_STAT_H 1
| #define HAVE_STDLIB_H 1
| #define HAVE_STRING_H 1
| #define HAVE_MEMORY_H 1
| #define HAVE_STRINGS_H 1
| #define HAVE_INTTYPES_H 1
| #define HAVE_STDINT_H 1
| #define HAVE_UNISTD_H 1
| #define HAVE_DLFCN_H 1
| #ifdef __cplusplus
| extern "C" void std::exit (int) throw (); using std::exit;
| #endif
| #define STDC_HEADERS 1
| #define HAVE_SYS_WAIT_H 1
| #define TIME_WITH_SYS_TIME 1
| #define HAVE_UNISTD_H 1
| #define HAVE_STDLIB_H 1
| #define HAVE_PWD_H 1
| #define HAVE_SYS_STAT_H 1
| #define HAVE_SYS_SOCKET_H 1
| #define HAVE_SYS_TYPES_H 1
| #define HAVE_SYS_BITYPES_H 1
| #define HAVE_NETDB_H 1
| #define HAVE_NETINET_IN_H 1
| #define HAVE_NETINET_IP_H 1
| #define HAVE_NETINET_IN_SYSTM_H 1
| #define HAVE_ARPA_INET_H 1
| #define HAVE_SYS_IOCTL_H 1
| #define HAVE_MEMORY_H 1
| #define HAVE_SETJMP_H 1
| #define HAVE_ERRNO_H 1
| #define HAVE_DIRENT_H 1
| #define HAVE_U_INTXX_T
| #define HAVE_U_INT64_T
| #define HAVE_ALLOCA_H 1
| #define HAVE_ALLOCA 1
| #define HAVE_STRCOLL 1
| #define HAVE_MEMCPY 1
| /* end confdefs.h.  */
| /* Define sigsetjmp to an innocuous variant, in case <limits.h> declares sigsetjmp.
|    For example, HP-UX 11i <limits.h> declares gettimeofday.  */
| #define sigsetjmp innocuous_sigsetjmp
| 
| /* System header to define __stub macros and hopefully few prototypes,
|     which can conflict with char sigsetjmp (); below.
|     Prefer <limits.h> to <assert.h> if __STDC__ is defined, since
|     <limits.h> exists even on freestanding compilers.  */
| 
| #ifdef __STDC__
| # include <limits.h>
| #else
| # include <assert.h>
| #endif
| 
| #undef sigsetjmp
| 
| /* Override any gcc2 internal prototype to avoid an error.  */
| #ifdef __cplusplus
| extern "C"
| {
| #endif
| /* We use char because int might match the return type of a gcc2
|    builtin and then its argument prototype would still apply.  */
| char sigsetjmp ();
| /* The GNU C library defines this for functions which it implements
|     to always fail with ENOSYS.  Some functions are actually named
|     something starting with __ and the normal name is an alias.  */
| #if defined (__stub_sigsetjmp) || defined (__stub___sigsetjmp)
| choke me
| #else
| char (*f) () = sigsetjmp;
| #endif
| #ifdef __cplusplus
| }
| #endif
| 
| int
| main ()
| {
| return f != sigsetjmp;
|   ;
|   return 0;
| }
configure:24375: result: no
configure:24386: checking return type of signal handlers
configure:24417: gcc -c -Wall -O2 -g  conftest.c >&5
conftest.c: In function `main':
conftest.c:66: warning: unused variable `i'
configure:24423: $? = 0
configure:24427: test -z 
			 || test ! -s conftest.err
configure:24430: $? = 0
configure:24433: test -s conftest.o
configure:24436: $? = 0
configure:24447: result: void
configure:24456: checking for type of signal functions
configure:24484: gcc -o conftest -Wall -O2 -g   conftest.c  >&5
configure:24490: $? = 0
configure:24494: test -z 
			 || test ! -s conftest.err
configure:24497: $? = 0
configure:24500: test -s conftest
configure:24503: $? = 0
configure:24621: result: posix
configure:24644: checking for presence of POSIX-style sigsetjmp/siglongjmp
configure:24702: gcc -o conftest -Wall -O2 -g   conftest.c  >&5
conftest.c:63: warning: return type defaults to `int'
conftest.c: In function `main':
conftest.c:81: warning: implicit declaration of function `exit'
configure:24705: $? = 0
configure:24707: ./conftest
configure:24710: $? = 0
configure:24725: result: present
configure:24736: checking for library containing socket
configure:24766: gcc -o conftest -Wall -O2 -g   conftest.c  >&5
configure:24772: $? = 0
configure:24776: test -z 
			 || test ! -s conftest.err
configure:24779: $? = 0
configure:24782: test -s conftest
configure:24785: $? = 0
configure:24855: result: none required
configure:24868: checking for library containing gethostbyname
configure:24898: gcc -o conftest -Wall -O2 -g   conftest.c  >&5
configure:24904: $? = 0
configure:24908: test -z 
			 || test ! -s conftest.err
configure:24911: $? = 0
configure:24914: test -s conftest
configure:24917: $? = 0
configure:24987: result: none required
configure:25004: checking for vasprintf
configure:25061: gcc -o conftest -Wall -O2 -g   conftest.c  >&5
configure:25067: $? = 0
configure:25071: test -z 
			 || test ! -s conftest.err
configure:25074: $? = 0
configure:25077: test -s conftest
configure:25080: $? = 0
configure:25092: result: yes
configure:25117: checking for getopt_long
configure:25174: gcc -o conftest -Wall -O2 -g   conftest.c  >&5
configure:25180: $? = 0
configure:25184: test -z 
			 || test ! -s conftest.err
configure:25187: $? = 0
configure:25190: test -s conftest
configure:25193: $? = 0
configure:25205: result: yes
configure:25235: checking for regcomp
configure:25292: gcc -o conftest -Wall -O2 -g   conftest.c  >&5
configure:25298: $? = 0
configure:25302: test -z 
			 || test ! -s conftest.err
configure:25305: $? = 0
configure:25308: test -s conftest
configure:25311: $? = 0
configure:25323: result: yes
configure:25341: checking regex.h usability
configure:25353: gcc -c -Wall -O2 -g  conftest.c >&5
configure:25359: $? = 0
configure:25363: test -z 
			 || test ! -s conftest.err
configure:25366: $? = 0
configure:25369: test -s conftest.o
configure:25372: $? = 0
configure:25382: result: yes
configure:25386: checking regex.h presence
configure:25396: gcc -E  conftest.c
configure:25402: $? = 0
configure:25422: result: yes
configure:25457: checking for regex.h
configure:25464: result: yes
configure:25820: checking for library containing tgetent
configure:25850: gcc -o conftest -Wall -O2 -g   conftest.c  >&5
/tmp/ccYVo1Ug.o(.text+0x7): In function `main':
/home/johnb/projects/sf/yafc-1.1.1/conftest.c:70: undefined reference to `tgetent'
collect2: ld returned 1 exit status
configure:25856: $? = 1
configure: failed program was:
| /* confdefs.h.  */
| 
| #define PACKAGE_NAME "yafc"
| #define PACKAGE_TARNAME "yafc"
| #define PACKAGE_VERSION "1.1.1"
| #define PACKAGE_STRING "yafc 1.1.1"
| #define PACKAGE_BUGREPORT "yafc-devel@lists.sourceforge.net"
| #define PACKAGE "yafc"
| #define VERSION "1.1.1"
| #define HOSTTYPE "x86_64-redhat-linux-gnu"
| #define STDC_HEADERS 1
| #define HAVE_SYS_TYPES_H 1
| #define HAVE_SYS_STAT_H 1
| #define HAVE_STDLIB_H 1
| #define HAVE_STRING_H 1
| #define HAVE_MEMORY_H 1
| #define HAVE_STRINGS_H 1
| #define HAVE_INTTYPES_H 1
| #define HAVE_STDINT_H 1
| #define HAVE_UNISTD_H 1
| #define HAVE_DLFCN_H 1
| #ifdef __cplusplus
| extern "C" void std::exit (int) throw (); using std::exit;
| #endif
| #define STDC_HEADERS 1
| #define HAVE_SYS_WAIT_H 1
| #define TIME_WITH_SYS_TIME 1
| #define HAVE_UNISTD_H 1
| #define HAVE_STDLIB_H 1
| #define HAVE_PWD_H 1
| #define HAVE_SYS_STAT_H 1
| #define HAVE_SYS_SOCKET_H 1
| #define HAVE_SYS_TYPES_H 1
| #define HAVE_SYS_BITYPES_H 1
| #define HAVE_NETDB_H 1
| #define HAVE_NETINET_IN_H 1
| #define HAVE_NETINET_IP_H 1
| #define HAVE_NETINET_IN_SYSTM_H 1
| #define HAVE_ARPA_INET_H 1
| #define HAVE_SYS_IOCTL_H 1
| #define HAVE_MEMORY_H 1
| #define HAVE_SETJMP_H 1
| #define HAVE_ERRNO_H 1
| #define HAVE_DIRENT_H 1
| #define HAVE_U_INTXX_T
| #define HAVE_U_INT64_T
| #define HAVE_ALLOCA_H 1
| #define HAVE_ALLOCA 1
| #define HAVE_STRCOLL 1
| #define HAVE_MEMCPY 1
| #define RETSIGTYPE void
| #define HAVE_POSIX_SIGNALS
| #define HAVE_POSIX_SIGSETJMP
| #define HAVE_VASPRINTF 1
| #define HAVE_GETOPT_LONG 1
| #define HAVE_REGEX_H 1
| #define HAVE_REGEX
| /* end confdefs.h.  */
| 
| /* Override any gcc2 internal prototype to avoid an error.  */
| #ifdef __cplusplus
| extern "C"
| #endif
| /* We use char because int might match the return type of a gcc2
|    builtin and then its argument prototype would still apply.  */
| char tgetent ();
| int
| main ()
| {
| tgetent ();
|   ;
|   return 0;
| }
configure:25905: gcc -o conftest -Wall -O2 -g   conftest.c -lncurses   >&5
configure:25911: $? = 0
configure:25915: test -z 
			 || test ! -s conftest.err
configure:25918: $? = 0
configure:25921: test -s conftest
configure:25924: $? = 0
configure:25939: result: -lncurses
configure:25947: checking for readline >= 2.0
configure:25972: gcc -o conftest -Wall -O2 -g   conftest.c -lreadline -lncurses  >&5
configure:25978: $? = 0
configure:25982: test -z 
			 || test ! -s conftest.err
configure:25985: $? = 0
configure:25988: test -s conftest
configure:25991: $? = 0
configure:26023: gcc -o conftest -Wall -O2 -g   conftest.c -lreadline -lncurses  >&5
configure:26029: $? = 0
configure:26033: test -z 
			 || test ! -s conftest.err
configure:26036: $? = 0
configure:26039: test -s conftest
configure:26042: $? = 0
configure:26074: gcc -o conftest -Wall -O2 -g   conftest.c -lreadline -lncurses  >&5
configure:26080: $? = 0
configure:26084: test -z 
			 || test ! -s conftest.err
configure:26087: $? = 0
configure:26090: test -s conftest
configure:26093: $? = 0
configure:26111: result: version 4.2 or higher
configure:26143: checking readline/readline.h usability
configure:26155: gcc -c -Wall -O2 -g  conftest.c >&5
configure:26161: $? = 0
configure:26165: test -z 
			 || test ! -s conftest.err
configure:26168: $? = 0
configure:26171: test -s conftest.o
configure:26174: $? = 0
configure:26184: result: yes
configure:26188: checking readline/readline.h presence
configure:26198: gcc -E  conftest.c
configure:26204: $? = 0
configure:26224: result: yes
configure:26259: checking for readline/readline.h
configure:26266: result: yes
configure:26293: checking readline/history.h usability
configure:26305: gcc -c -Wall -O2 -g  conftest.c >&5
configure:26311: $? = 0
configure:26315: test -z 
			 || test ! -s conftest.err
configure:26318: $? = 0
configure:26321: test -s conftest.o
configure:26324: $? = 0
configure:26334: result: yes
configure:26338: checking readline/history.h presence
configure:26348: gcc -E  conftest.c
configure:26354: $? = 0
configure:26374: result: yes
configure:26409: checking for readline/history.h
configure:26416: result: yes
configure:26437: checking for library containing inet_aton
configure:26467: gcc -o conftest -Wall -O2 -g   conftest.c -lreadline -lncurses  >&5
configure:26473: $? = 0
configure:26477: test -z 
			 || test ! -s conftest.err
configure:26480: $? = 0
configure:26483: test -s conftest
configure:26486: $? = 0
configure:26556: result: none required
configure:26563: checking for library containing herror
configure:26593: gcc -o conftest -Wall -O2 -g   conftest.c -lreadline -lncurses  >&5
configure:26599: $? = 0
configure:26603: test -z 
			 || test ! -s conftest.err
configure:26606: $? = 0
configure:26609: test -s conftest
configure:26612: $? = 0
configure:26682: result: none required
configure:26696: checking for gettimeofday
configure:26753: gcc -o conftest -Wall -O2 -g   conftest.c -lreadline -lncurses  >&5
configure:26759: $? = 0
configure:26763: test -z 
			 || test ! -s conftest.err
configure:26766: $? = 0
configure:26769: test -s conftest
configure:26772: $? = 0
configure:26784: result: yes
configure:26696: checking for uname
configure:26753: gcc -o conftest -Wall -O2 -g   conftest.c -lreadline -lncurses  >&5
configure:26759: $? = 0
configure:26763: test -z 
			 || test ! -s conftest.err
configure:26766: $? = 0
configure:26769: test -s conftest
configure:26772: $? = 0
configure:26784: result: yes
configure:26696: checking for setsockopt
configure:26753: gcc -o conftest -Wall -O2 -g   conftest.c -lreadline -lncurses  >&5
configure:26759: $? = 0
configure:26763: test -z 
			 || test ! -s conftest.err
configure:26766: $? = 0
configure:26769: test -s conftest
configure:26772: $? = 0
configure:26784: result: yes
configure:26795: checking whether asprintf is declared
configure:26819: gcc -c -Wall -O2 -g  conftest.c >&5
conftest.c: In function `main':
conftest.c:103: error: `asprintf' undeclared (first use in this function)
conftest.c:103: error: (Each undeclared identifier is reported only once
conftest.c:103: error: for each function it appears in.)
conftest.c:103: warning: unused variable `p'
configure:26825: $? = 1
configure: failed program was:
| /* confdefs.h.  */
| 
| #define PACKAGE_NAME "yafc"
| #define PACKAGE_TARNAME "yafc"
| #define PACKAGE_VERSION "1.1.1"
| #define PACKAGE_STRING "yafc 1.1.1"
| #define PACKAGE_BUGREPORT "yafc-devel@lists.sourceforge.net"
| #define PACKAGE "yafc"
| #define VERSION "1.1.1"
| #define HOSTTYPE "x86_64-redhat-linux-gnu"
| #define STDC_HEADERS 1
| #define HAVE_SYS_TYPES_H 1
| #define HAVE_SYS_STAT_H 1
| #define HAVE_STDLIB_H 1
| #define HAVE_STRING_H 1
| #define HAVE_MEMORY_H 1
| #define HAVE_STRINGS_H 1
| #define HAVE_INTTYPES_H 1
| #define HAVE_STDINT_H 1
| #define HAVE_UNISTD_H 1
| #define HAVE_DLFCN_H 1
| #ifdef __cplusplus
| extern "C" void std::exit (int) throw (); using std::exit;
| #endif
| #define STDC_HEADERS 1
| #define HAVE_SYS_WAIT_H 1
| #define TIME_WITH_SYS_TIME 1
| #define HAVE_UNISTD_H 1
| #define HAVE_STDLIB_H 1
| #define HAVE_PWD_H 1
| #define HAVE_SYS_STAT_H 1
| #define HAVE_SYS_SOCKET_H 1
| #define HAVE_SYS_TYPES_H 1
| #define HAVE_SYS_BITYPES_H 1
| #define HAVE_NETDB_H 1
| #define HAVE_NETINET_IN_H 1
| #define HAVE_NETINET_IP_H 1
| #define HAVE_NETINET_IN_SYSTM_H 1
| #define HAVE_ARPA_INET_H 1
| #define HAVE_SYS_IOCTL_H 1
| #define HAVE_MEMORY_H 1
| #define HAVE_SETJMP_H 1
| #define HAVE_ERRNO_H 1
| #define HAVE_DIRENT_H 1
| #define HAVE_U_INTXX_T
| #define HAVE_U_INT64_T
| #define HAVE_ALLOCA_H 1
| #define HAVE_ALLOCA 1
| #define HAVE_STRCOLL 1
| #define HAVE_MEMCPY 1
| #define RETSIGTYPE void
| #define HAVE_POSIX_SIGNALS
| #define HAVE_POSIX_SIGSETJMP
| #define HAVE_VASPRINTF 1
| #define HAVE_GETOPT_LONG 1
| #define HAVE_REGEX_H 1
| #define HAVE_REGEX
| #define HAVE_LIBREADLINE 420
| #define HAVE_READLINE_READLINE_H 1
| #define HAVE_READLINE_HISTORY_H 1
| #define HAVE_GETTIMEOFDAY 1
| #define HAVE_UNAME 1
| #define HAVE_SETSOCKOPT 1
| /* end confdefs.h.  */
| #include <stdio.h>
| #if HAVE_SYS_TYPES_H
| # include <sys/types.h>
| #endif
| #if HAVE_SYS_STAT_H
| # include <sys/stat.h>
| #endif
| #if STDC_HEADERS
| # include <stdlib.h>
| # include <stddef.h>
| #else
| # if HAVE_STDLIB_H
| #  include <stdlib.h>
| # endif
| #endif
| #if HAVE_STRING_H
| # if !STDC_HEADERS && HAVE_MEMORY_H
| #  include <memory.h>
| # endif
| # include <string.h>
| #endif
| #if HAVE_STRINGS_H
| # include <strings.h>
| #endif
| #if HAVE_INTTYPES_H
| # include <inttypes.h>
| #else
| # if HAVE_STDINT_H
| #  include <stdint.h>
| # endif
| #endif
| #if HAVE_UNISTD_H
| # include <unistd.h>
| #endif
| int
| main ()
| {
| #ifndef asprintf
|   char *p = (char *) asprintf;
| #endif
| 
|   ;
|   return 0;
| }
configure:26849: result: no
configure:26865: checking whether vasprintf is declared
configure:26889: gcc -c -Wall -O2 -g  conftest.c >&5
conftest.c: In function `main':
conftest.c:104: error: `vasprintf' undeclared (first use in this function)
conftest.c:104: error: (Each undeclared identifier is reported only once
conftest.c:104: error: for each function it appears in.)
conftest.c:104: warning: unused variable `p'
configure:26895: $? = 1
configure: failed program was:
| /* confdefs.h.  */
| 
| #define PACKAGE_NAME "yafc"
| #define PACKAGE_TARNAME "yafc"
| #define PACKAGE_VERSION "1.1.1"
| #define PACKAGE_STRING "yafc 1.1.1"
| #define PACKAGE_BUGREPORT "yafc-devel@lists.sourceforge.net"
| #define PACKAGE "yafc"
| #define VERSION "1.1.1"
| #define HOSTTYPE "x86_64-redhat-linux-gnu"
| #define STDC_HEADERS 1
| #define HAVE_SYS_TYPES_H 1
| #define HAVE_SYS_STAT_H 1
| #define HAVE_STDLIB_H 1
| #define HAVE_STRING_H 1
| #define HAVE_MEMORY_H 1
| #define HAVE_STRINGS_H 1
| #define HAVE_INTTYPES_H 1
| #define HAVE_STDINT_H 1
| #define HAVE_UNISTD_H 1
| #define HAVE_DLFCN_H 1
| #ifdef __cplusplus
| extern "C" void std::exit (int) throw (); using std::exit;
| #endif
| #define STDC_HEADERS 1
| #define HAVE_SYS_WAIT_H 1
| #define TIME_WITH_SYS_TIME 1
| #define HAVE_UNISTD_H 1
| #define HAVE_STDLIB_H 1
| #define HAVE_PWD_H 1
| #define HAVE_SYS_STAT_H 1
| #define HAVE_SYS_SOCKET_H 1
| #define HAVE_SYS_TYPES_H 1
| #define HAVE_SYS_BITYPES_H 1
| #define HAVE_NETDB_H 1
| #define HAVE_NETINET_IN_H 1
| #define HAVE_NETINET_IP_H 1
| #define HAVE_NETINET_IN_SYSTM_H 1
| #define HAVE_ARPA_INET_H 1
| #define HAVE_SYS_IOCTL_H 1
| #define HAVE_MEMORY_H 1
| #define HAVE_SETJMP_H 1
| #define HAVE_ERRNO_H 1
| #define HAVE_DIRENT_H 1
| #define HAVE_U_INTXX_T
| #define HAVE_U_INT64_T
| #define HAVE_ALLOCA_H 1
| #define HAVE_ALLOCA 1
| #define HAVE_STRCOLL 1
| #define HAVE_MEMCPY 1
| #define RETSIGTYPE void
| #define HAVE_POSIX_SIGNALS
| #define HAVE_POSIX_SIGSETJMP
| #define HAVE_VASPRINTF 1
| #define HAVE_GETOPT_LONG 1
| #define HAVE_REGEX_H 1
| #define HAVE_REGEX
| #define HAVE_LIBREADLINE 420
| #define HAVE_READLINE_READLINE_H 1
| #define HAVE_READLINE_HISTORY_H 1
| #define HAVE_GETTIMEOFDAY 1
| #define HAVE_UNAME 1
| #define HAVE_SETSOCKOPT 1
| #define HAVE_DECL_ASPRINTF 0
| /* end confdefs.h.  */
| #include <stdio.h>
| #if HAVE_SYS_TYPES_H
| # include <sys/types.h>
| #endif
| #if HAVE_SYS_STAT_H
| # include <sys/stat.h>
| #endif
| #if STDC_HEADERS
| # include <stdlib.h>
| # include <stddef.h>
| #else
| # if HAVE_STDLIB_H
| #  include <stdlib.h>
| # endif
| #endif
| #if HAVE_STRING_H
| # if !STDC_HEADERS && HAVE_MEMORY_H
| #  include <memory.h>
| # endif
| # include <string.h>
| #endif
| #if HAVE_STRINGS_H
| # include <strings.h>
| #endif
| #if HAVE_INTTYPES_H
| # include <inttypes.h>
| #else
| # if HAVE_STDINT_H
| #  include <stdint.h>
| # endif
| #endif
| #if HAVE_UNISTD_H
| # include <unistd.h>
| #endif
| int
| main ()
| {
| #ifndef vasprintf
|   char *p = (char *) vasprintf;
| #endif
| 
|   ;
|   return 0;
| }
configure:26919: result: no
configure:26937: checking whether herror is declared
configure:26962: gcc -c -Wall -O2 -g  conftest.c >&5
conftest.c: In function `main':
conftest.c:73: warning: unused variable `p'
configure:26968: $? = 0
configure:26972: test -z 
			 || test ! -s conftest.err
configure:26975: $? = 0
configure:26978: test -s conftest.o
configure:26981: $? = 0
configure:26992: result: yes
configure:27201: checking for Kerberos 5
configure:27234: gcc -o conftest -Wall -O2 -g   conftest.c -lkrb5 -lk5crypto -lcom_err -lreadline -lncurses  >&5
configure:27240: $? = 0
configure:27244: test -z 
			 || test ! -s conftest.err
configure:27247: $? = 0
configure:27250: test -s conftest
configure:27253: $? = 0
configure:27275: result: yes
configure:27397: checking for Kerberos 5 headers
configure:27424: gcc -c -Wall -O2 -g  conftest.c >&5
conftest.c: In function `main':
conftest.c:73: warning: unused variable `foo'
configure:27430: $? = 0
configure:27434: test -z 
			 || test ! -s conftest.err
configure:27437: $? = 0
configure:27440: test -s conftest.o
configure:27443: $? = 0
configure:27468: result: yes
configure:27583: checking for GSSAPI library
configure:27611: gcc -o conftest -Wall -O2 -g    conftest.c -lgssapi -lkrb5 -lk5crypto -lcom_err -lreadline -lncurses  >&5
/usr/bin/ld: cannot find -lgssapi
collect2: ld returned 1 exit status
configure:27617: $? = 1
configure: failed program was:
| 
|       /* confdefs.h.  */
| 
| #define PACKAGE_NAME "yafc"
| #define PACKAGE_TARNAME "yafc"
| #define PACKAGE_VERSION "1.1.1"
| #define PACKAGE_STRING "yafc 1.1.1"
| #define PACKAGE_BUGREPORT "yafc-devel@lists.sourceforge.net"
| #define PACKAGE "yafc"
| #define VERSION "1.1.1"
| #define HOSTTYPE "x86_64-redhat-linux-gnu"
| #define STDC_HEADERS 1
| #define HAVE_SYS_TYPES_H 1
| #define HAVE_SYS_STAT_H 1
| #define HAVE_STDLIB_H 1
| #define HAVE_STRING_H 1
| #define HAVE_MEMORY_H 1
| #define HAVE_STRINGS_H 1
| #define HAVE_INTTYPES_H 1
| #define HAVE_STDINT_H 1
| #define HAVE_UNISTD_H 1
| #define HAVE_DLFCN_H 1
| #ifdef __cplusplus
| extern "C" void std::exit (int) throw (); using std::exit;
| #endif
| #define STDC_HEADERS 1
| #define HAVE_SYS_WAIT_H 1
| #define TIME_WITH_SYS_TIME 1
| #define HAVE_UNISTD_H 1
| #define HAVE_STDLIB_H 1
| #define HAVE_PWD_H 1
| #define HAVE_SYS_STAT_H 1
| #define HAVE_SYS_SOCKET_H 1
| #define HAVE_SYS_TYPES_H 1
| #define HAVE_SYS_BITYPES_H 1
| #define HAVE_NETDB_H 1
| #define HAVE_NETINET_IN_H 1
| #define HAVE_NETINET_IP_H 1
| #define HAVE_NETINET_IN_SYSTM_H 1
| #define HAVE_ARPA_INET_H 1
| #define HAVE_SYS_IOCTL_H 1
| #define HAVE_MEMORY_H 1
| #define HAVE_SETJMP_H 1
| #define HAVE_ERRNO_H 1
| #define HAVE_DIRENT_H 1
| #define HAVE_U_INTXX_T
| #define HAVE_U_INT64_T
| #define HAVE_ALLOCA_H 1
| #define HAVE_ALLOCA 1
| #define HAVE_STRCOLL 1
| #define HAVE_MEMCPY 1
| #define RETSIGTYPE void
| #define HAVE_POSIX_SIGNALS
| #define HAVE_POSIX_SIGSETJMP
| #define HAVE_VASPRINTF 1
| #define HAVE_GETOPT_LONG 1
| #define HAVE_REGEX_H 1
| #define HAVE_REGEX
| #define HAVE_LIBREADLINE 420
| #define HAVE_READLINE_READLINE_H 1
| #define HAVE_READLINE_HISTORY_H 1
| #define HAVE_GETTIMEOFDAY 1
| #define HAVE_UNAME 1
| #define HAVE_SETSOCKOPT 1
| #define HAVE_DECL_ASPRINTF 0
| #define HAVE_DECL_VASPRINTF 0
| #define HAVE_DECL_HERROR 1
| #define HAVE_KRB5_H 1
| /* end confdefs.h.  */
|  void gss_init_sec_context();
| int
| main ()
| {
|  gss_init_sec_context();
|   ;
|   return 0;
| }
| 
configure:27611: gcc -o conftest -Wall -O2 -g    conftest.c -lgssapi_krb5 -lkrb5 -lk5crypto -lcom_err -lreadline -lncurses  >&5
configure:27617: $? = 0
configure:27621: test -z 
			 || test ! -s conftest.err
configure:27624: $? = 0
configure:27627: test -s conftest
configure:27630: $? = 0
configure:27649: result: yes
configure:27677: checking for GSSAPI headers
configure:27703: gcc -c -Wall -O2 -g  conftest.c >&5
conftest.c:70:20: gssapi.h: No such file or directory
conftest.c: In function `main':
conftest.c:74: error: `gss_buffer_desc' undeclared (first use in this function)
conftest.c:74: error: (Each undeclared identifier is reported only once
conftest.c:74: error: for each function it appears in.)
conftest.c:74: error: syntax error before "foo"
configure:27709: $? = 1
configure: failed program was:
| 
|     /* confdefs.h.  */
| 
| #define PACKAGE_NAME "yafc"
| #define PACKAGE_TARNAME "yafc"
| #define PACKAGE_VERSION "1.1.1"
| #define PACKAGE_STRING "yafc 1.1.1"
| #define PACKAGE_BUGREPORT "yafc-devel@lists.sourceforge.net"
| #define PACKAGE "yafc"
| #define VERSION "1.1.1"
| #define HOSTTYPE "x86_64-redhat-linux-gnu"
| #define STDC_HEADERS 1
| #define HAVE_SYS_TYPES_H 1
| #define HAVE_SYS_STAT_H 1
| #define HAVE_STDLIB_H 1
| #define HAVE_STRING_H 1
| #define HAVE_MEMORY_H 1
| #define HAVE_STRINGS_H 1
| #define HAVE_INTTYPES_H 1
| #define HAVE_STDINT_H 1
| #define HAVE_UNISTD_H 1
| #define HAVE_DLFCN_H 1
| #ifdef __cplusplus
| extern "C" void std::exit (int) throw (); using std::exit;
| #endif
| #define STDC_HEADERS 1
| #define HAVE_SYS_WAIT_H 1
| #define TIME_WITH_SYS_TIME 1
| #define HAVE_UNISTD_H 1
| #define HAVE_STDLIB_H 1
| #define HAVE_PWD_H 1
| #define HAVE_SYS_STAT_H 1
| #define HAVE_SYS_SOCKET_H 1
| #define HAVE_SYS_TYPES_H 1
| #define HAVE_SYS_BITYPES_H 1
| #define HAVE_NETDB_H 1
| #define HAVE_NETINET_IN_H 1
| #define HAVE_NETINET_IP_H 1
| #define HAVE_NETINET_IN_SYSTM_H 1
| #define HAVE_ARPA_INET_H 1
| #define HAVE_SYS_IOCTL_H 1
| #define HAVE_MEMORY_H 1
| #define HAVE_SETJMP_H 1
| #define HAVE_ERRNO_H 1
| #define HAVE_DIRENT_H 1
| #define HAVE_U_INTXX_T
| #define HAVE_U_INT64_T
| #define HAVE_ALLOCA_H 1
| #define HAVE_ALLOCA 1
| #define HAVE_STRCOLL 1
| #define HAVE_MEMCPY 1
| #define RETSIGTYPE void
| #define HAVE_POSIX_SIGNALS
| #define HAVE_POSIX_SIGSETJMP
| #define HAVE_VASPRINTF 1
| #define HAVE_GETOPT_LONG 1
| #define HAVE_REGEX_H 1
| #define HAVE_REGEX
| #define HAVE_LIBREADLINE 420
| #define HAVE_READLINE_READLINE_H 1
| #define HAVE_READLINE_HISTORY_H 1
| #define HAVE_GETTIMEOFDAY 1
| #define HAVE_UNAME 1
| #define HAVE_SETSOCKOPT 1
| #define HAVE_DECL_ASPRINTF 0
| #define HAVE_DECL_VASPRINTF 0
| #define HAVE_DECL_HERROR 1
| #define HAVE_KRB5_H 1
| /* end confdefs.h.  */
| #include <gssapi.h>
| int
| main ()
| {
| gss_buffer_desc foo;
|   ;
|   return 0;
| }
| 
configure:27769: gcc -c -Wall -O2 -g  conftest.c >&5
conftest.c: In function `main':
conftest.c:74: warning: unused variable `foo'
configure:27775: $? = 0
configure:27779: test -z 
			 || test ! -s conftest.err
configure:27782: $? = 0
configure:27785: test -s conftest.o
configure:27788: $? = 0
configure:27812: result: yes
configure:27819: checking for gssapi/gssapi_krb5.h
configure:27837: gcc -c -Wall -O2 -g  conftest.c >&5
configure:27843: $? = 0
configure:27847: test -z 
			 || test ! -s conftest.err
configure:27850: $? = 0
configure:27853: test -s conftest.o
configure:27856: $? = 0
configure:27867: result: yes
configure:28139: checking for Kerberos 4
configure:28173: gcc -o conftest -Wall -O2 -g   conftest.c -lkrb -ldes -lreadline -lncurses  >&5
/usr/bin/ld: cannot find -lkrb
collect2: ld returned 1 exit status
configure:28179: $? = 1
configure: failed program was:
| 
|       /* confdefs.h.  */
| 
| #define PACKAGE_NAME "yafc"
| #define PACKAGE_TARNAME "yafc"
| #define PACKAGE_VERSION "1.1.1"
| #define PACKAGE_STRING "yafc 1.1.1"
| #define PACKAGE_BUGREPORT "yafc-devel@lists.sourceforge.net"
| #define PACKAGE "yafc"
| #define VERSION "1.1.1"
| #define HOSTTYPE "x86_64-redhat-linux-gnu"
| #define STDC_HEADERS 1
| #define HAVE_SYS_TYPES_H 1
| #define HAVE_SYS_STAT_H 1
| #define HAVE_STDLIB_H 1
| #define HAVE_STRING_H 1
| #define HAVE_MEMORY_H 1
| #define HAVE_STRINGS_H 1
| #define HAVE_INTTYPES_H 1
| #define HAVE_STDINT_H 1
| #define HAVE_UNISTD_H 1
| #define HAVE_DLFCN_H 1
| #ifdef __cplusplus
| extern "C" void std::exit (int) throw (); using std::exit;
| #endif
| #define STDC_HEADERS 1
| #define HAVE_SYS_WAIT_H 1
| #define TIME_WITH_SYS_TIME 1
| #define HAVE_UNISTD_H 1
| #define HAVE_STDLIB_H 1
| #define HAVE_PWD_H 1
| #define HAVE_SYS_STAT_H 1
| #define HAVE_SYS_SOCKET_H 1
| #define HAVE_SYS_TYPES_H 1
| #define HAVE_SYS_BITYPES_H 1
| #define HAVE_NETDB_H 1
| #define HAVE_NETINET_IN_H 1
| #define HAVE_NETINET_IP_H 1
| #define HAVE_NETINET_IN_SYSTM_H 1
| #define HAVE_ARPA_INET_H 1
| #define HAVE_SYS_IOCTL_H 1
| #define HAVE_MEMORY_H 1
| #define HAVE_SETJMP_H 1
| #define HAVE_ERRNO_H 1
| #define HAVE_DIRENT_H 1
| #define HAVE_U_INTXX_T
| #define HAVE_U_INT64_T
| #define HAVE_ALLOCA_H 1
| #define HAVE_ALLOCA 1
| #define HAVE_STRCOLL 1
| #define HAVE_MEMCPY 1
| #define RETSIGTYPE void
| #define HAVE_POSIX_SIGNALS
| #define HAVE_POSIX_SIGSETJMP
| #define HAVE_VASPRINTF 1
| #define HAVE_GETOPT_LONG 1
| #define HAVE_REGEX_H 1
| #define HAVE_REGEX
| #define HAVE_LIBREADLINE 420
| #define HAVE_READLINE_READLINE_H 1
| #define HAVE_READLINE_HISTORY_H 1
| #define HAVE_GETTIMEOFDAY 1
| #define HAVE_UNAME 1
| #define HAVE_SETSOCKOPT 1
| #define HAVE_DECL_ASPRINTF 0
| #define HAVE_DECL_VASPRINTF 0
| #define HAVE_DECL_HERROR 1
| #define HAVE_KRB5_H 1
| #define HAVE_GSSAPI_GSSAPI_H 1
| #define HAVE_GSSAPI_GSSAPI_KRB5_H 1
| /* end confdefs.h.  */
|  void dest_tkt();
| int
| main ()
| {
|  dest_tkt();
|   ;
|   return 0;
| }
| 
configure:28173: gcc -o conftest -Wall -O2 -g   conftest.c -lkrb -ldes -lroken -lreadline -lncurses  >&5
/usr/bin/ld: cannot find -lkrb
collect2: ld returned 1 exit status
configure:28179: $? = 1
configure: failed program was:
| 
|       /* confdefs.h.  */
| 
| #define PACKAGE_NAME "yafc"
| #define PACKAGE_TARNAME "yafc"
| #define PACKAGE_VERSION "1.1.1"
| #define PACKAGE_STRING "yafc 1.1.1"
| #define PACKAGE_BUGREPORT "yafc-devel@lists.sourceforge.net"
| #define PACKAGE "yafc"
| #define VERSION "1.1.1"
| #define HOSTTYPE "x86_64-redhat-linux-gnu"
| #define STDC_HEADERS 1
| #define HAVE_SYS_TYPES_H 1
| #define HAVE_SYS_STAT_H 1
| #define HAVE_STDLIB_H 1
| #define HAVE_STRING_H 1
| #define HAVE_MEMORY_H 1
| #define HAVE_STRINGS_H 1
| #define HAVE_INTTYPES_H 1
| #define HAVE_STDINT_H 1
| #define HAVE_UNISTD_H 1
| #define HAVE_DLFCN_H 1
| #ifdef __cplusplus
| extern "C" void std::exit (int) throw (); using std::exit;
| #endif
| #define STDC_HEADERS 1
| #define HAVE_SYS_WAIT_H 1
| #define TIME_WITH_SYS_TIME 1
| #define HAVE_UNISTD_H 1
| #define HAVE_STDLIB_H 1
| #define HAVE_PWD_H 1
| #define HAVE_SYS_STAT_H 1
| #define HAVE_SYS_SOCKET_H 1
| #define HAVE_SYS_TYPES_H 1
| #define HAVE_SYS_BITYPES_H 1
| #define HAVE_NETDB_H 1
| #define HAVE_NETINET_IN_H 1
| #define HAVE_NETINET_IP_H 1
| #define HAVE_NETINET_IN_SYSTM_H 1
| #define HAVE_ARPA_INET_H 1
| #define HAVE_SYS_IOCTL_H 1
| #define HAVE_MEMORY_H 1
| #define HAVE_SETJMP_H 1
| #define HAVE_ERRNO_H 1
| #define HAVE_DIRENT_H 1
| #define HAVE_U_INTXX_T
| #define HAVE_U_INT64_T
| #define HAVE_ALLOCA_H 1
| #define HAVE_ALLOCA 1
| #define HAVE_STRCOLL 1
| #define HAVE_MEMCPY 1
| #define RETSIGTYPE void
| #define HAVE_POSIX_SIGNALS
| #define HAVE_POSIX_SIGSETJMP
| #define HAVE_VASPRINTF 1
| #define HAVE_GETOPT_LONG 1
| #define HAVE_REGEX_H 1
| #define HAVE_REGEX
| #define HAVE_LIBREADLINE 420
| #define HAVE_READLINE_READLINE_H 1
| #define HAVE_READLINE_HISTORY_H 1
| #define HAVE_GETTIMEOFDAY 1
| #define HAVE_UNAME 1
| #define HAVE_SETSOCKOPT 1
| #define HAVE_DECL_ASPRINTF 0
| #define HAVE_DECL_VASPRINTF 0
| #define HAVE_DECL_HERROR 1
| #define HAVE_KRB5_H 1
| #define HAVE_GSSAPI_GSSAPI_H 1
| #define HAVE_GSSAPI_GSSAPI_KRB5_H 1
| /* end confdefs.h.  */
|  void dest_tkt();
| int
| main ()
| {
|  dest_tkt();
|   ;
|   return 0;
| }
| 
configure:28173: gcc -o conftest -Wall -O2 -g   conftest.c -lkrb -ldes -lroken -lcom_err -lreadline -lncurses  >&5
/usr/bin/ld: cannot find -lkrb
collect2: ld returned 1 exit status
configure:28179: $? = 1
configure: failed program was:
| 
|       /* confdefs.h.  */
| 
| #define PACKAGE_NAME "yafc"
| #define PACKAGE_TARNAME "yafc"
| #define PACKAGE_VERSION "1.1.1"
| #define PACKAGE_STRING "yafc 1.1.1"
| #define PACKAGE_BUGREPORT "yafc-devel@lists.sourceforge.net"
| #define PACKAGE "yafc"
| #define VERSION "1.1.1"
| #define HOSTTYPE "x86_64-redhat-linux-gnu"
| #define STDC_HEADERS 1
| #define HAVE_SYS_TYPES_H 1
| #define HAVE_SYS_STAT_H 1
| #define HAVE_STDLIB_H 1
| #define HAVE_STRING_H 1
| #define HAVE_MEMORY_H 1
| #define HAVE_STRINGS_H 1
| #define HAVE_INTTYPES_H 1
| #define HAVE_STDINT_H 1
| #define HAVE_UNISTD_H 1
| #define HAVE_DLFCN_H 1
| #ifdef __cplusplus
| extern "C" void std::exit (int) throw (); using std::exit;
| #endif
| #define STDC_HEADERS 1
| #define HAVE_SYS_WAIT_H 1
| #define TIME_WITH_SYS_TIME 1
| #define HAVE_UNISTD_H 1
| #define HAVE_STDLIB_H 1
| #define HAVE_PWD_H 1
| #define HAVE_SYS_STAT_H 1
| #define HAVE_SYS_SOCKET_H 1
| #define HAVE_SYS_TYPES_H 1
| #define HAVE_SYS_BITYPES_H 1
| #define HAVE_NETDB_H 1
| #define HAVE_NETINET_IN_H 1
| #define HAVE_NETINET_IP_H 1
| #define HAVE_NETINET_IN_SYSTM_H 1
| #define HAVE_ARPA_INET_H 1
| #define HAVE_SYS_IOCTL_H 1
| #define HAVE_MEMORY_H 1
| #define HAVE_SETJMP_H 1
| #define HAVE_ERRNO_H 1
| #define HAVE_DIRENT_H 1
| #define HAVE_U_INTXX_T
| #define HAVE_U_INT64_T
| #define HAVE_ALLOCA_H 1
| #define HAVE_ALLOCA 1
| #define HAVE_STRCOLL 1
| #define HAVE_MEMCPY 1
| #define RETSIGTYPE void
| #define HAVE_POSIX_SIGNALS
| #define HAVE_POSIX_SIGSETJMP
| #define HAVE_VASPRINTF 1
| #define HAVE_GETOPT_LONG 1
| #define HAVE_REGEX_H 1
| #define HAVE_REGEX
| #define HAVE_LIBREADLINE 420
| #define HAVE_READLINE_READLINE_H 1
| #define HAVE_READLINE_HISTORY_H 1
| #define HAVE_GETTIMEOFDAY 1
| #define HAVE_UNAME 1
| #define HAVE_SETSOCKOPT 1
| #define HAVE_DECL_ASPRINTF 0
| #define HAVE_DECL_VASPRINTF 0
| #define HAVE_DECL_HERROR 1
| #define HAVE_KRB5_H 1
| #define HAVE_GSSAPI_GSSAPI_H 1
| #define HAVE_GSSAPI_GSSAPI_KRB5_H 1
| /* end confdefs.h.  */
|  void dest_tkt();
| int
| main ()
| {
|  dest_tkt();
|   ;
|   return 0;
| }
| 
configure:28173: gcc -o conftest -Wall -O2 -g   conftest.c -lkrb -ldes -lcom_err -lreadline -lncurses  >&5
/usr/bin/ld: cannot find -lkrb
collect2: ld returned 1 exit status
configure:28179: $? = 1
configure: failed program was:
| 
|       /* confdefs.h.  */
| 
| #define PACKAGE_NAME "yafc"
| #define PACKAGE_TARNAME "yafc"
| #define PACKAGE_VERSION "1.1.1"
| #define PACKAGE_STRING "yafc 1.1.1"
| #define PACKAGE_BUGREPORT "yafc-devel@lists.sourceforge.net"
| #define PACKAGE "yafc"
| #define VERSION "1.1.1"
| #define HOSTTYPE "x86_64-redhat-linux-gnu"
| #define STDC_HEADERS 1
| #define HAVE_SYS_TYPES_H 1
| #define HAVE_SYS_STAT_H 1
| #define HAVE_STDLIB_H 1
| #define HAVE_STRING_H 1
| #define HAVE_MEMORY_H 1
| #define HAVE_STRINGS_H 1
| #define HAVE_INTTYPES_H 1
| #define HAVE_STDINT_H 1
| #define HAVE_UNISTD_H 1
| #define HAVE_DLFCN_H 1
| #ifdef __cplusplus
| extern "C" void std::exit (int) throw (); using std::exit;
| #endif
| #define STDC_HEADERS 1
| #define HAVE_SYS_WAIT_H 1
| #define TIME_WITH_SYS_TIME 1
| #define HAVE_UNISTD_H 1
| #define HAVE_STDLIB_H 1
| #define HAVE_PWD_H 1
| #define HAVE_SYS_STAT_H 1
| #define HAVE_SYS_SOCKET_H 1
| #define HAVE_SYS_TYPES_H 1
| #define HAVE_SYS_BITYPES_H 1
| #define HAVE_NETDB_H 1
| #define HAVE_NETINET_IN_H 1
| #define HAVE_NETINET_IP_H 1
| #define HAVE_NETINET_IN_SYSTM_H 1
| #define HAVE_ARPA_INET_H 1
| #define HAVE_SYS_IOCTL_H 1
| #define HAVE_MEMORY_H 1
| #define HAVE_SETJMP_H 1
| #define HAVE_ERRNO_H 1
| #define HAVE_DIRENT_H 1
| #define HAVE_U_INTXX_T
| #define HAVE_U_INT64_T
| #define HAVE_ALLOCA_H 1
| #define HAVE_ALLOCA 1
| #define HAVE_STRCOLL 1
| #define HAVE_MEMCPY 1
| #define RETSIGTYPE void
| #define HAVE_POSIX_SIGNALS
| #define HAVE_POSIX_SIGSETJMP
| #define HAVE_VASPRINTF 1
| #define HAVE_GETOPT_LONG 1
| #define HAVE_REGEX_H 1
| #define HAVE_REGEX
| #define HAVE_LIBREADLINE 420
| #define HAVE_READLINE_READLINE_H 1
| #define HAVE_READLINE_HISTORY_H 1
| #define HAVE_GETTIMEOFDAY 1
| #define HAVE_UNAME 1
| #define HAVE_SETSOCKOPT 1
| #define HAVE_DECL_ASPRINTF 0
| #define HAVE_DECL_VASPRINTF 0
| #define HAVE_DECL_HERROR 1
| #define HAVE_KRB5_H 1
| #define HAVE_GSSAPI_GSSAPI_H 1
| #define HAVE_GSSAPI_GSSAPI_KRB5_H 1
| /* end confdefs.h.  */
|  void dest_tkt();
| int
| main ()
| {
|  dest_tkt();
|   ;
|   return 0;
| }
| 
configure:28173: gcc -o conftest -Wall -O2 -g   conftest.c -lkrb -ldes -lcom_err -lcrypt -lreadline -lncurses  >&5
/usr/bin/ld: cannot find -lkrb
collect2: ld returned 1 exit status
configure:28179: $? = 1
configure: failed program was:
| 
|       /* confdefs.h.  */
| 
| #define PACKAGE_NAME "yafc"
| #define PACKAGE_TARNAME "yafc"
| #define PACKAGE_VERSION "1.1.1"
| #define PACKAGE_STRING "yafc 1.1.1"
| #define PACKAGE_BUGREPORT "yafc-devel@lists.sourceforge.net"
| #define PACKAGE "yafc"
| #define VERSION "1.1.1"
| #define HOSTTYPE "x86_64-redhat-linux-gnu"
| #define STDC_HEADERS 1
| #define HAVE_SYS_TYPES_H 1
| #define HAVE_SYS_STAT_H 1
| #define HAVE_STDLIB_H 1
| #define HAVE_STRING_H 1
| #define HAVE_MEMORY_H 1
| #define HAVE_STRINGS_H 1
| #define HAVE_INTTYPES_H 1
| #define HAVE_STDINT_H 1
| #define HAVE_UNISTD_H 1
| #define HAVE_DLFCN_H 1
| #ifdef __cplusplus
| extern "C" void std::exit (int) throw (); using std::exit;
| #endif
| #define STDC_HEADERS 1
| #define HAVE_SYS_WAIT_H 1
| #define TIME_WITH_SYS_TIME 1
| #define HAVE_UNISTD_H 1
| #define HAVE_STDLIB_H 1
| #define HAVE_PWD_H 1
| #define HAVE_SYS_STAT_H 1
| #define HAVE_SYS_SOCKET_H 1
| #define HAVE_SYS_TYPES_H 1
| #define HAVE_SYS_BITYPES_H 1
| #define HAVE_NETDB_H 1
| #define HAVE_NETINET_IN_H 1
| #define HAVE_NETINET_IP_H 1
| #define HAVE_NETINET_IN_SYSTM_H 1
| #define HAVE_ARPA_INET_H 1
| #define HAVE_SYS_IOCTL_H 1
| #define HAVE_MEMORY_H 1
| #define HAVE_SETJMP_H 1
| #define HAVE_ERRNO_H 1
| #define HAVE_DIRENT_H 1
| #define HAVE_U_INTXX_T
| #define HAVE_U_INT64_T
| #define HAVE_ALLOCA_H 1
| #define HAVE_ALLOCA 1
| #define HAVE_STRCOLL 1
| #define HAVE_MEMCPY 1
| #define RETSIGTYPE void
| #define HAVE_POSIX_SIGNALS
| #define HAVE_POSIX_SIGSETJMP
| #define HAVE_VASPRINTF 1
| #define HAVE_GETOPT_LONG 1
| #define HAVE_REGEX_H 1
| #define HAVE_REGEX
| #define HAVE_LIBREADLINE 420
| #define HAVE_READLINE_READLINE_H 1
| #define HAVE_READLINE_HISTORY_H 1
| #define HAVE_GETTIMEOFDAY 1
| #define HAVE_UNAME 1
| #define HAVE_SETSOCKOPT 1
| #define HAVE_DECL_ASPRINTF 0
| #define HAVE_DECL_VASPRINTF 0
| #define HAVE_DECL_HERROR 1
| #define HAVE_KRB5_H 1
| #define HAVE_GSSAPI_GSSAPI_H 1
| #define HAVE_GSSAPI_GSSAPI_KRB5_H 1
| /* end confdefs.h.  */
|  void dest_tkt();
| int
| main ()
| {
|  dest_tkt();
|   ;
|   return 0;
| }
| 
configure:28173: gcc -o conftest -Wall -O2 -g   conftest.c -lkrb -lcrypto -lreadline -lncurses  >&5
/usr/bin/ld: cannot find -lkrb
collect2: ld returned 1 exit status
configure:28179: $? = 1
configure: failed program was:
| 
|       /* confdefs.h.  */
| 
| #define PACKAGE_NAME "yafc"
| #define PACKAGE_TARNAME "yafc"
| #define PACKAGE_VERSION "1.1.1"
| #define PACKAGE_STRING "yafc 1.1.1"
| #define PACKAGE_BUGREPORT "yafc-devel@lists.sourceforge.net"
| #define PACKAGE "yafc"
| #define VERSION "1.1.1"
| #define HOSTTYPE "x86_64-redhat-linux-gnu"
| #define STDC_HEADERS 1
| #define HAVE_SYS_TYPES_H 1
| #define HAVE_SYS_STAT_H 1
| #define HAVE_STDLIB_H 1
| #define HAVE_STRING_H 1
| #define HAVE_MEMORY_H 1
| #define HAVE_STRINGS_H 1
| #define HAVE_INTTYPES_H 1
| #define HAVE_STDINT_H 1
| #define HAVE_UNISTD_H 1
| #define HAVE_DLFCN_H 1
| #ifdef __cplusplus
| extern "C" void std::exit (int) throw (); using std::exit;
| #endif
| #define STDC_HEADERS 1
| #define HAVE_SYS_WAIT_H 1
| #define TIME_WITH_SYS_TIME 1
| #define HAVE_UNISTD_H 1
| #define HAVE_STDLIB_H 1
| #define HAVE_PWD_H 1
| #define HAVE_SYS_STAT_H 1
| #define HAVE_SYS_SOCKET_H 1
| #define HAVE_SYS_TYPES_H 1
| #define HAVE_SYS_BITYPES_H 1
| #define HAVE_NETDB_H 1
| #define HAVE_NETINET_IN_H 1
| #define HAVE_NETINET_IP_H 1
| #define HAVE_NETINET_IN_SYSTM_H 1
| #define HAVE_ARPA_INET_H 1
| #define HAVE_SYS_IOCTL_H 1
| #define HAVE_MEMORY_H 1
| #define HAVE_SETJMP_H 1
| #define HAVE_ERRNO_H 1
| #define HAVE_DIRENT_H 1
| #define HAVE_U_INTXX_T
| #define HAVE_U_INT64_T
| #define HAVE_ALLOCA_H 1
| #define HAVE_ALLOCA 1
| #define HAVE_STRCOLL 1
| #define HAVE_MEMCPY 1
| #define RETSIGTYPE void
| #define HAVE_POSIX_SIGNALS
| #define HAVE_POSIX_SIGSETJMP
| #define HAVE_VASPRINTF 1
| #define HAVE_GETOPT_LONG 1
| #define HAVE_REGEX_H 1
| #define HAVE_REGEX
| #define HAVE_LIBREADLINE 420
| #define HAVE_READLINE_READLINE_H 1
| #define HAVE_READLINE_HISTORY_H 1
| #define HAVE_GETTIMEOFDAY 1
| #define HAVE_UNAME 1
| #define HAVE_SETSOCKOPT 1
| #define HAVE_DECL_ASPRINTF 0
| #define HAVE_DECL_VASPRINTF 0
| #define HAVE_DECL_HERROR 1
| #define HAVE_KRB5_H 1
| #define HAVE_GSSAPI_GSSAPI_H 1
| #define HAVE_GSSAPI_GSSAPI_KRB5_H 1
| /* end confdefs.h.  */
|  void dest_tkt();
| int
| main ()
| {
|  dest_tkt();
|   ;
|   return 0;
| }
| 
configure:28242: gcc -o conftest -Wall -O2 -g   conftest.c -lkrb4 -ldes425 -lkrb5 -lcom_err  -lreadline -lncurses  >&5
configure:28248: $? = 0
configure:28252: test -z 
			 || test ! -s conftest.err
configure:28255: $? = 0
configure:28258: test -s conftest
configure:28261: $? = 0
configure:28285: result: yes
configure:28482: checking for Kerberos 4 headers
configure:28509: gcc -c -Wall -O2 -g  conftest.c >&5
conftest.c:72:17: krb.h: No such file or directory
conftest.c: In function `main':
conftest.c:76: error: storage size of 'foo' isn't known
conftest.c:76: warning: unused variable `foo'
configure:28515: $? = 1
configure: failed program was:
| 
|     /* confdefs.h.  */
| 
| #define PACKAGE_NAME "yafc"
| #define PACKAGE_TARNAME "yafc"
| #define PACKAGE_VERSION "1.1.1"
| #define PACKAGE_STRING "yafc 1.1.1"
| #define PACKAGE_BUGREPORT "yafc-devel@lists.sourceforge.net"
| #define PACKAGE "yafc"
| #define VERSION "1.1.1"
| #define HOSTTYPE "x86_64-redhat-linux-gnu"
| #define STDC_HEADERS 1
| #define HAVE_SYS_TYPES_H 1
| #define HAVE_SYS_STAT_H 1
| #define HAVE_STDLIB_H 1
| #define HAVE_STRING_H 1
| #define HAVE_MEMORY_H 1
| #define HAVE_STRINGS_H 1
| #define HAVE_INTTYPES_H 1
| #define HAVE_STDINT_H 1
| #define HAVE_UNISTD_H 1
| #define HAVE_DLFCN_H 1
| #ifdef __cplusplus
| extern "C" void std::exit (int) throw (); using std::exit;
| #endif
| #define STDC_HEADERS 1
| #define HAVE_SYS_WAIT_H 1
| #define TIME_WITH_SYS_TIME 1
| #define HAVE_UNISTD_H 1
| #define HAVE_STDLIB_H 1
| #define HAVE_PWD_H 1
| #define HAVE_SYS_STAT_H 1
| #define HAVE_SYS_SOCKET_H 1
| #define HAVE_SYS_TYPES_H 1
| #define HAVE_SYS_BITYPES_H 1
| #define HAVE_NETDB_H 1
| #define HAVE_NETINET_IN_H 1
| #define HAVE_NETINET_IP_H 1
| #define HAVE_NETINET_IN_SYSTM_H 1
| #define HAVE_ARPA_INET_H 1
| #define HAVE_SYS_IOCTL_H 1
| #define HAVE_MEMORY_H 1
| #define HAVE_SETJMP_H 1
| #define HAVE_ERRNO_H 1
| #define HAVE_DIRENT_H 1
| #define HAVE_U_INTXX_T
| #define HAVE_U_INT64_T
| #define HAVE_ALLOCA_H 1
| #define HAVE_ALLOCA 1
| #define HAVE_STRCOLL 1
| #define HAVE_MEMCPY 1
| #define RETSIGTYPE void
| #define HAVE_POSIX_SIGNALS
| #define HAVE_POSIX_SIGSETJMP
| #define HAVE_VASPRINTF 1
| #define HAVE_GETOPT_LONG 1
| #define HAVE_REGEX_H 1
| #define HAVE_REGEX
| #define HAVE_LIBREADLINE 420
| #define HAVE_READLINE_READLINE_H 1
| #define HAVE_READLINE_HISTORY_H 1
| #define HAVE_GETTIMEOFDAY 1
| #define HAVE_UNAME 1
| #define HAVE_SETSOCKOPT 1
| #define HAVE_DECL_ASPRINTF 0
| #define HAVE_DECL_VASPRINTF 0
| #define HAVE_DECL_HERROR 1
| #define HAVE_KRB5_H 1
| #define HAVE_GSSAPI_GSSAPI_H 1
| #define HAVE_GSSAPI_GSSAPI_KRB5_H 1
| /* end confdefs.h.  */
| #include <krb.h>
| int
| main ()
| {
| struct ktext foo;
|   ;
|   return 0;
| }
| 
configure:28553: result: no
configure:28485: checking for Kerberos 4 headers in /usr/include/kerberosIV
configure:28509: gcc -c -Wall -O2 -g -I/usr/include/kerberosIV  conftest.c >&5
conftest.c: In function `main':
conftest.c:76: warning: unused variable `foo'
configure:28515: $? = 0
configure:28519: test -z 
			 || test ! -s conftest.err
configure:28522: $? = 0
configure:28525: test -s conftest.o
configure:28528: $? = 0
configure:28553: result: yes
configure:28668: checking for krb_get_our_ip_for_realm
configure:28696: gcc -o conftest -Wall -O2 -g    conftest.c -lkrb4 -ldes425 -lkrb5 -lcom_err   -lreadline -lncurses  >&5
/tmp/cc6guJcS.o(.text+0x7): In function `main':
/home/johnb/projects/sf/yafc-1.1.1/conftest.c:77: undefined reference to `krb_get_our_ip_for_realm'
collect2: ld returned 1 exit status
configure:28702: $? = 1
configure: failed program was:
| 
|       /* confdefs.h.  */
| 
| #define PACKAGE_NAME "yafc"
| #define PACKAGE_TARNAME "yafc"
| #define PACKAGE_VERSION "1.1.1"
| #define PACKAGE_STRING "yafc 1.1.1"
| #define PACKAGE_BUGREPORT "yafc-devel@lists.sourceforge.net"
| #define PACKAGE "yafc"
| #define VERSION "1.1.1"
| #define HOSTTYPE "x86_64-redhat-linux-gnu"
| #define STDC_HEADERS 1
| #define HAVE_SYS_TYPES_H 1
| #define HAVE_SYS_STAT_H 1
| #define HAVE_STDLIB_H 1
| #define HAVE_STRING_H 1
| #define HAVE_MEMORY_H 1
| #define HAVE_STRINGS_H 1
| #define HAVE_INTTYPES_H 1
| #define HAVE_STDINT_H 1
| #define HAVE_UNISTD_H 1
| #define HAVE_DLFCN_H 1
| #ifdef __cplusplus
| extern "C" void std::exit (int) throw (); using std::exit;
| #endif
| #define STDC_HEADERS 1
| #define HAVE_SYS_WAIT_H 1
| #define TIME_WITH_SYS_TIME 1
| #define HAVE_UNISTD_H 1
| #define HAVE_STDLIB_H 1
| #define HAVE_PWD_H 1
| #define HAVE_SYS_STAT_H 1
| #define HAVE_SYS_SOCKET_H 1
| #define HAVE_SYS_TYPES_H 1
| #define HAVE_SYS_BITYPES_H 1
| #define HAVE_NETDB_H 1
| #define HAVE_NETINET_IN_H 1
| #define HAVE_NETINET_IP_H 1
| #define HAVE_NETINET_IN_SYSTM_H 1
| #define HAVE_ARPA_INET_H 1
| #define HAVE_SYS_IOCTL_H 1
| #define HAVE_MEMORY_H 1
| #define HAVE_SETJMP_H 1
| #define HAVE_ERRNO_H 1
| #define HAVE_DIRENT_H 1
| #define HAVE_U_INTXX_T
| #define HAVE_U_INT64_T
| #define HAVE_ALLOCA_H 1
| #define HAVE_ALLOCA 1
| #define HAVE_STRCOLL 1
| #define HAVE_MEMCPY 1
| #define RETSIGTYPE void
| #define HAVE_POSIX_SIGNALS
| #define HAVE_POSIX_SIGSETJMP
| #define HAVE_VASPRINTF 1
| #define HAVE_GETOPT_LONG 1
| #define HAVE_REGEX_H 1
| #define HAVE_REGEX
| #define HAVE_LIBREADLINE 420
| #define HAVE_READLINE_READLINE_H 1
| #define HAVE_READLINE_HISTORY_H 1
| #define HAVE_GETTIMEOFDAY 1
| #define HAVE_UNAME 1
| #define HAVE_SETSOCKOPT 1
| #define HAVE_DECL_ASPRINTF 0
| #define HAVE_DECL_VASPRINTF 0
| #define HAVE_DECL_HERROR 1
| #define HAVE_KRB5_H 1
| #define HAVE_GSSAPI_GSSAPI_H 1
| #define HAVE_GSSAPI_GSSAPI_KRB5_H 1
| #define HAVE_KRB_H 1
| /* end confdefs.h.  */
|  void krb_get_our_ip_for_realm();
| int
| main ()
| {
|  krb_get_our_ip_for_realm();
|   ;
|   return 0;
| }
| 
configure:28696: gcc -o conftest -Wall -O2 -g    conftest.c -lkrb4 -ldes425 -lkrb5 -lcom_err  -lresolv -lreadline -lncurses  >&5
/tmp/ccOWFOY0.o(.text+0x7): In function `main':
/home/johnb/projects/sf/yafc-1.1.1/conftest.c:77: undefined reference to `krb_get_our_ip_for_realm'
collect2: ld returned 1 exit status
configure:28702: $? = 1
configure: failed program was:
| 
|       /* confdefs.h.  */
| 
| #define PACKAGE_NAME "yafc"
| #define PACKAGE_TARNAME "yafc"
| #define PACKAGE_VERSION "1.1.1"
| #define PACKAGE_STRING "yafc 1.1.1"
| #define PACKAGE_BUGREPORT "yafc-devel@lists.sourceforge.net"
| #define PACKAGE "yafc"
| #define VERSION "1.1.1"
| #define HOSTTYPE "x86_64-redhat-linux-gnu"
| #define STDC_HEADERS 1
| #define HAVE_SYS_TYPES_H 1
| #define HAVE_SYS_STAT_H 1
| #define HAVE_STDLIB_H 1
| #define HAVE_STRING_H 1
| #define HAVE_MEMORY_H 1
| #define HAVE_STRINGS_H 1
| #define HAVE_INTTYPES_H 1
| #define HAVE_STDINT_H 1
| #define HAVE_UNISTD_H 1
| #define HAVE_DLFCN_H 1
| #ifdef __cplusplus
| extern "C" void std::exit (int) throw (); using std::exit;
| #endif
| #define STDC_HEADERS 1
| #define HAVE_SYS_WAIT_H 1
| #define TIME_WITH_SYS_TIME 1
| #define HAVE_UNISTD_H 1
| #define HAVE_STDLIB_H 1
| #define HAVE_PWD_H 1
| #define HAVE_SYS_STAT_H 1
| #define HAVE_SYS_SOCKET_H 1
| #define HAVE_SYS_TYPES_H 1
| #define HAVE_SYS_BITYPES_H 1
| #define HAVE_NETDB_H 1
| #define HAVE_NETINET_IN_H 1
| #define HAVE_NETINET_IP_H 1
| #define HAVE_NETINET_IN_SYSTM_H 1
| #define HAVE_ARPA_INET_H 1
| #define HAVE_SYS_IOCTL_H 1
| #define HAVE_MEMORY_H 1
| #define HAVE_SETJMP_H 1
| #define HAVE_ERRNO_H 1
| #define HAVE_DIRENT_H 1
| #define HAVE_U_INTXX_T
| #define HAVE_U_INT64_T
| #define HAVE_ALLOCA_H 1
| #define HAVE_ALLOCA 1
| #define HAVE_STRCOLL 1
| #define HAVE_MEMCPY 1
| #define RETSIGTYPE void
| #define HAVE_POSIX_SIGNALS
| #define HAVE_POSIX_SIGSETJMP
| #define HAVE_VASPRINTF 1
| #define HAVE_GETOPT_LONG 1
| #define HAVE_REGEX_H 1
| #define HAVE_REGEX
| #define HAVE_LIBREADLINE 420
| #define HAVE_READLINE_READLINE_H 1
| #define HAVE_READLINE_HISTORY_H 1
| #define HAVE_GETTIMEOFDAY 1
| #define HAVE_UNAME 1
| #define HAVE_SETSOCKOPT 1
| #define HAVE_DECL_ASPRINTF 0
| #define HAVE_DECL_VASPRINTF 0
| #define HAVE_DECL_HERROR 1
| #define HAVE_KRB5_H 1
| #define HAVE_GSSAPI_GSSAPI_H 1
| #define HAVE_GSSAPI_GSSAPI_KRB5_H 1
| #define HAVE_KRB_H 1
| /* end confdefs.h.  */
|  void krb_get_our_ip_for_realm();
| int
| main ()
| {
|  krb_get_our_ip_for_realm();
|   ;
|   return 0;
| }
| 
configure:28739: result: no
configure:28746: checking for afs_string_to_key
configure:28770: gcc -o conftest -Wall -O2 -g    conftest.c -lkrb4 -ldes425 -lkrb5 -lcom_err  -lreadline -lncurses  >&5
configure:28776: $? = 0
configure:28780: test -z 
			 || test ! -s conftest.err
configure:28783: $? = 0
configure:28786: test -s conftest
configure:28789: $? = 0
configure:28792: result: yes
configure:28898: checking for strlcpy
configure:28955: gcc -o conftest -Wall -O2 -g   -I/usr/include/kerberosIV     conftest.c -lgssapi_krb5 -lkrb5 -lk5crypto -lcom_err -lkrb4 -ldes425 -lkrb5 -lcom_err   -lreadline -lncurses  >&5
/tmp/cceFor9k.o(.text+0x9): In function `main':
/home/johnb/projects/sf/yafc-1.1.1/conftest.c:116: undefined reference to `strlcpy'
/tmp/cceFor9k.o(.data+0x0): undefined reference to `strlcpy'
collect2: ld returned 1 exit status
configure:28961: $? = 1
configure: failed program was:
| /* confdefs.h.  */
| 
| #define PACKAGE_NAME "yafc"
| #define PACKAGE_TARNAME "yafc"
| #define PACKAGE_VERSION "1.1.1"
| #define PACKAGE_STRING "yafc 1.1.1"
| #define PACKAGE_BUGREPORT "yafc-devel@lists.sourceforge.net"
| #define PACKAGE "yafc"
| #define VERSION "1.1.1"
| #define HOSTTYPE "x86_64-redhat-linux-gnu"
| #define STDC_HEADERS 1
| #define HAVE_SYS_TYPES_H 1
| #define HAVE_SYS_STAT_H 1
| #define HAVE_STDLIB_H 1
| #define HAVE_STRING_H 1
| #define HAVE_MEMORY_H 1
| #define HAVE_STRINGS_H 1
| #define HAVE_INTTYPES_H 1
| #define HAVE_STDINT_H 1
| #define HAVE_UNISTD_H 1
| #define HAVE_DLFCN_H 1
| #ifdef __cplusplus
| extern "C" void std::exit (int) throw (); using std::exit;
| #endif
| #define STDC_HEADERS 1
| #define HAVE_SYS_WAIT_H 1
| #define TIME_WITH_SYS_TIME 1
| #define HAVE_UNISTD_H 1
| #define HAVE_STDLIB_H 1
| #define HAVE_PWD_H 1
| #define HAVE_SYS_STAT_H 1
| #define HAVE_SYS_SOCKET_H 1
| #define HAVE_SYS_TYPES_H 1
| #define HAVE_SYS_BITYPES_H 1
| #define HAVE_NETDB_H 1
| #define HAVE_NETINET_IN_H 1
| #define HAVE_NETINET_IP_H 1
| #define HAVE_NETINET_IN_SYSTM_H 1
| #define HAVE_ARPA_INET_H 1
| #define HAVE_SYS_IOCTL_H 1
| #define HAVE_MEMORY_H 1
| #define HAVE_SETJMP_H 1
| #define HAVE_ERRNO_H 1
| #define HAVE_DIRENT_H 1
| #define HAVE_U_INTXX_T
| #define HAVE_U_INT64_T
| #define HAVE_ALLOCA_H 1
| #define HAVE_ALLOCA 1
| #define HAVE_STRCOLL 1
| #define HAVE_MEMCPY 1
| #define RETSIGTYPE void
| #define HAVE_POSIX_SIGNALS
| #define HAVE_POSIX_SIGSETJMP
| #define HAVE_VASPRINTF 1
| #define HAVE_GETOPT_LONG 1
| #define HAVE_REGEX_H 1
| #define HAVE_REGEX
| #define HAVE_LIBREADLINE 420
| #define HAVE_READLINE_READLINE_H 1
| #define HAVE_READLINE_HISTORY_H 1
| #define HAVE_GETTIMEOFDAY 1
| #define HAVE_UNAME 1
| #define HAVE_SETSOCKOPT 1
| #define HAVE_DECL_ASPRINTF 0
| #define HAVE_DECL_VASPRINTF 0
| #define HAVE_DECL_HERROR 1
| #define HAVE_KRB5_H 1
| #define HAVE_GSSAPI_GSSAPI_H 1
| #define HAVE_GSSAPI_GSSAPI_KRB5_H 1
| #define HAVE_KRB_H 1
| #define HAVE_AFS_STRING_TO_KEY 1
| #define HAVE_KRB5 1
| #define HAVE_KRB4 1
| #define HAVE_KERBEROS 1
| /* end confdefs.h.  */
| /* Define strlcpy to an innocuous variant, in case <limits.h> declares strlcpy.
|    For example, HP-UX 11i <limits.h> declares gettimeofday.  */
| #define strlcpy innocuous_strlcpy
| 
| /* System header to define __stub macros and hopefully few prototypes,
|     which can conflict with char strlcpy (); below.
|     Prefer <limits.h> to <assert.h> if __STDC__ is defined, since
|     <limits.h> exists even on freestanding compilers.  */
| 
| #ifdef __STDC__
| # include <limits.h>
| #else
| # include <assert.h>
| #endif
| 
| #undef strlcpy
| 
| /* Override any gcc2 internal prototype to avoid an error.  */
| #ifdef __cplusplus
| extern "C"
| {
| #endif
| /* We use char because int might match the return type of a gcc2
|    builtin and then its argument prototype would still apply.  */
| char strlcpy ();
| /* The GNU C library defines this for functions which it implements
|     to always fail with ENOSYS.  Some functions are actually named
|     something starting with __ and the normal name is an alias.  */
| #if defined (__stub_strlcpy) || defined (__stub___strlcpy)
| choke me
| #else
| char (*f) () = strlcpy;
| #endif
| #ifdef __cplusplus
| }
| #endif
| 
| int
| main ()
| {
| return f != strlcpy;
|   ;
|   return 0;
| }
configure:28986: result: no
configure:29133: creating ./config.status

## ---------------------- ##
## Running config.status. ##
## ---------------------- ##

This file was extended by yafc config.status 1.1.1, which was
generated by GNU Autoconf 2.59.  Invocation command line was

  CONFIG_FILES    = 
  CONFIG_HEADERS  = 
  CONFIG_LINKS    = 
  CONFIG_COMMANDS = 
  $ ./config.status 

on x2.lan.splicednetworks.net

config.status:722: creating Makefile
config.status:722: creating doc/Makefile
config.status:722: creating lib/Makefile
config.status:722: creating src/Makefile
config.status:722: creating src/ftp/Makefile
config.status:722: creating src/libmhe/Makefile
config.status:722: creating contrib/yafc-rw.spec
config.status:722: creating contrib/yafc-mandrake.spec
config.status:826: creating config.h
config.status:1234: executing depfiles commands

## ---------------- ##
## Cache variables. ##
## ---------------- ##

ac_cv_build=x86_64-redhat-linux-gnu
ac_cv_build_alias=x86_64-redhat-linux-gnu
ac_cv_c_compiler_gnu=yes
ac_cv_c_const=yes
ac_cv_cxx_compiler_gnu=yes
ac_cv_env_CC_set=
ac_cv_env_CC_value=
ac_cv_env_CFLAGS_set=set
ac_cv_env_CFLAGS_value='-Wall -O2 -g'
ac_cv_env_CPPFLAGS_set=
ac_cv_env_CPPFLAGS_value=
ac_cv_env_CPP_set=
ac_cv_env_CPP_value=
ac_cv_env_CXXCPP_set=
ac_cv_env_CXXCPP_value=
ac_cv_env_CXXFLAGS_set=
ac_cv_env_CXXFLAGS_value=
ac_cv_env_CXX_set=
ac_cv_env_CXX_value=
ac_cv_env_F77_set=
ac_cv_env_F77_value=
ac_cv_env_FFLAGS_set=
ac_cv_env_FFLAGS_value=
ac_cv_env_LDFLAGS_set=
ac_cv_env_LDFLAGS_value=
ac_cv_env_build_alias_set=
ac_cv_env_build_alias_value=
ac_cv_env_host_alias_set=
ac_cv_env_host_alias_value=
ac_cv_env_target_alias_set=
ac_cv_env_target_alias_value=
ac_cv_exeext=
ac_cv_f77_compiler_gnu=yes
ac_cv_func_alloca_works=yes
ac_cv_func_getopt_long=yes
ac_cv_func_gettimeofday=yes
ac_cv_func_memcpy=yes
ac_cv_func_regcomp=yes
ac_cv_func_setsockopt=yes
ac_cv_func_sigsetjmp=no
ac_cv_func_strcoll=yes
ac_cv_func_strlcpy=no
ac_cv_func_uname=yes
ac_cv_func_vasprintf=yes
ac_cv_have_decl_asprintf=no
ac_cv_have_decl_herror=yes
ac_cv_have_decl_vasprintf=no
ac_cv_have_u_int64_t=yes
ac_cv_have_u_intxx_t=yes
ac_cv_header_arpa_inet_h=yes
ac_cv_header_dirent_h=yes
ac_cv_header_dlfcn_h=yes
ac_cv_header_errno_h=yes
ac_cv_header_gssapi_gssapi_krb5_h=yes
ac_cv_header_inttypes_h=yes
ac_cv_header_memory_h=yes
ac_cv_header_minix_config_h=no
ac_cv_header_netdb_h=yes
ac_cv_header_netinet_in_h=yes
ac_cv_header_netinet_in_systm_h=yes
ac_cv_header_netinet_ip_h=yes
ac_cv_header_pwd_h=yes
ac_cv_header_readline_history_h=yes
ac_cv_header_readline_readline_h=yes
ac_cv_header_regex_h=yes
ac_cv_header_setjmp_h=yes
ac_cv_header_stat_broken=no
ac_cv_header_stdc=yes
ac_cv_header_stdint_h=yes
ac_cv_header_stdlib_h=yes
ac_cv_header_string_h=yes
ac_cv_header_strings_h=yes
ac_cv_header_sys_bitypes_h=yes
ac_cv_header_sys_ioctl_h=yes
ac_cv_header_sys_socket_h=yes
ac_cv_header_sys_stat_h=yes
ac_cv_header_sys_types_h=yes
ac_cv_header_sys_wait_h=yes
ac_cv_header_time=yes
ac_cv_header_unistd_h=yes
ac_cv_host=x86_64-redhat-linux-gnu
ac_cv_host_alias=x86_64-redhat-linux-gnu
ac_cv_objext=o
ac_cv_path_install='/usr/bin/install -c'
ac_cv_prog_AWK=gawk
ac_cv_prog_CPP='gcc -E'
ac_cv_prog_CXXCPP='g++ -E'
ac_cv_prog_ac_ct_AR=ar
ac_cv_prog_ac_ct_CC=gcc
ac_cv_prog_ac_ct_CXX=g++
ac_cv_prog_ac_ct_F77=g77
ac_cv_prog_ac_ct_RANLIB=ranlib
ac_cv_prog_ac_ct_STRIP=strip
ac_cv_prog_cc_g=yes
ac_cv_prog_cc_stdc=
ac_cv_prog_cxx_g=yes
ac_cv_prog_egrep='grep -E'
ac_cv_prog_f77_g=yes
ac_cv_prog_make_make_set=yes
ac_cv_search_gethostbyname='none required'
ac_cv_search_herror='none required'
ac_cv_search_inet_aton='none required'
ac_cv_search_socket='none required'
ac_cv_search_strerror='none required'
ac_cv_search_tgetent=-lncurses
ac_cv_type_mode_t=yes
ac_cv_type_pid_t=yes
ac_cv_type_signal=void
ac_cv_type_size_t=yes
ac_cv_working_alloca_h=yes
am_cv_CC_dependencies_compiler_type=gcc3
am_cv_CXX_dependencies_compiler_type=gcc3
am_cv_prog_cc_stdc=
bash_cv_func_sigsetjmp=present
bash_cv_signal_vintage=posix
lt_cv_deplibs_check_method=pass_all
lt_cv_file_magic_cmd='$MAGIC_CMD'
lt_cv_file_magic_test_file='/lib/libc.so.6 /lib/libc-2.3.4.so'
lt_cv_ld_reload_flag=-r
lt_cv_objdir=.libs
lt_cv_path_LD=/usr/bin/ld
lt_cv_path_LDCXX='/usr/bin/ld -m elf_x86_64'
lt_cv_path_NM='/usr/bin/nm -B'
lt_cv_path_SED=/bin/sed
lt_cv_prog_compiler_c_o=yes
lt_cv_prog_compiler_c_o_CXX=yes
lt_cv_prog_compiler_c_o_F77=yes
lt_cv_prog_compiler_rtti_exceptions=no
lt_cv_prog_gnu_ld=yes
lt_cv_prog_gnu_ldcxx=yes
lt_cv_sys_global_symbol_pipe='sed -n -e '\''s/^.*[ 	]\([ABCDGIRSTW][ABCDGIRSTW]*\)[ 	][ 	]*\(\)\([_A-Za-z][_A-Za-z0-9]*\)$/\1 \2\3 \3/p'\'''
lt_cv_sys_global_symbol_to_c_name_address='sed -n -e '\''s/^: \([^ ]*\) $/  {\"\1\", (lt_ptr) 0},/p'\'' -e '\''s/^[BCDEGRST] \([^ ]*\) \([^ ]*\)$/  {"\2", (lt_ptr) \&\2},/p'\'''
lt_cv_sys_global_symbol_to_cdecl='sed -n -e '\''s/^. .* \(.*\)$/extern int \1;/p'\'''
lt_cv_sys_max_cmd_len=32768
lt_lt_cv_prog_compiler_c_o='"yes"'
lt_lt_cv_prog_compiler_c_o_CXX='"yes"'
lt_lt_cv_prog_compiler_c_o_F77='"yes"'
lt_lt_cv_sys_global_symbol_pipe='"sed -n -e '\''s/^.*[ 	]\\([ABCDGIRSTW][ABCDGIRSTW]*\\)[ 	][ 	]*\\(\\)\\([_A-Za-z][_A-Za-z0-9]*\\)\$/\\1 \\2\\3 \\3/p'\''"'
lt_lt_cv_sys_global_symbol_to_c_name_address='"sed -n -e '\''s/^: \\([^ ]*\\) \$/  {\\\"\\1\\\", (lt_ptr) 0},/p'\'' -e '\''s/^[BCDEGRST] \\([^ ]*\\) \\([^ ]*\\)\$/  {\"\\2\", (lt_ptr) \\&\\2},/p'\''"'
lt_lt_cv_sys_global_symbol_to_cdecl='"sed -n -e '\''s/^. .* \\(.*\\)\$/extern int \\1;/p'\''"'
yafc_cv_lib_readline=420

## ----------------- ##
## Output variables. ##
## ----------------- ##

ACLOCAL='${SHELL} /home/johnb/projects/sf/yafc-1.1.1/support/missing --run aclocal-1.9'
ALLOCA=''
AMDEPBACKSLASH='\'
AMDEP_FALSE='#'
AMDEP_TRUE=''
AMTAR='${SHELL} /home/johnb/projects/sf/yafc-1.1.1/support/missing --run tar'
AR='ar'
AUTOCONF='${SHELL} /home/johnb/projects/sf/yafc-1.1.1/support/missing --run autoconf'
AUTOHEADER='${SHELL} /home/johnb/projects/sf/yafc-1.1.1/support/missing --run autoheader'
AUTOMAKE='${SHELL} /home/johnb/projects/sf/yafc-1.1.1/support/missing --run automake-1.9'
AWK='gawk'
CC='gcc'
CCDEPMODE='depmode=gcc3'
CFLAGS='-Wall -O2 -g'
CPP='gcc -E'
CPPFLAGS='  -I/usr/include/kerberosIV '
CXX='g++'
CXXCPP='g++ -E'
CXXDEPMODE='depmode=gcc3'
CXXFLAGS='-g -O2'
CYGPATH_W='echo'
DEFS='-DHAVE_CONFIG_H'
DEPDIR='.deps'
ECHO='echo'
ECHO_C=''
ECHO_N='-n'
ECHO_T=''
EGREP='grep -E'
EXEEXT=''
F77='g77'
FFLAGS='-g -O2'
INSTALL_DATA='${INSTALL} -m 644'
INSTALL_PROGRAM='${INSTALL}'
INSTALL_SCRIPT='${INSTALL}'
INSTALL_STRIP_PROGRAM='${SHELL} $(install_sh) -c -s'
LDFLAGS='  '
LIBOBJS=' security$U.o krb4$U.o kauth$U.o gssapi$U.o strlcpy$U.o'
LIBS='-lgssapi_krb5 -lkrb5 -lk5crypto -lcom_err -lkrb4 -ldes425 -lkrb5 -lcom_err   -lreadline -lncurses '
LIBTOOL='$(SHELL) $(top_builddir)/libtool'
LN_S='ln -s'
LTLIBOBJS=' security$U.lo krb4$U.lo kauth$U.lo gssapi$U.lo strlcpy$U.lo'
MAKEINFO='${SHELL} /home/johnb/projects/sf/yafc-1.1.1/support/missing --run makeinfo'
OBJEXT='o'
PACKAGE='yafc'
PACKAGE_BUGREPORT='yafc-devel@lists.sourceforge.net'
PACKAGE_NAME='yafc'
PACKAGE_STRING='yafc 1.1.1'
PACKAGE_TARNAME='yafc'
PACKAGE_VERSION='1.1.1'
PATH_SEPARATOR=':'
RANLIB='ranlib'
SET_MAKE=''
SHELL='/bin/sh'
STRIP='strip'
VERSION='1.1.1'
ac_ct_AR='ar'
ac_ct_CC='gcc'
ac_ct_CXX='g++'
ac_ct_F77='g77'
ac_ct_RANLIB='ranlib'
ac_ct_STRIP='strip'
am__fastdepCC_FALSE='#'
am__fastdepCC_TRUE=''
am__fastdepCXX_FALSE='#'
am__fastdepCXX_TRUE=''
am__include='include'
am__leading_dot='.'
am__quote=''
am__tar='${AMTAR} chof - "$$tardir"'
am__untar='${AMTAR} xf -'
bindir='${exec_prefix}/bin'
build='x86_64-redhat-linux-gnu'
build_alias=''
build_cpu='x86_64'
build_os='linux-gnu'
build_vendor='redhat'
datadir='${prefix}/share'
exec_prefix='${prefix}'
host='x86_64-redhat-linux-gnu'
host_alias=''
host_cpu='x86_64'
host_os='linux-gnu'
host_vendor='redhat'
includedir='${prefix}/include'
infodir='${prefix}/info'
install_sh='/home/johnb/projects/sf/yafc-1.1.1/support/install-sh'
libdir='${exec_prefix}/lib'
libexecdir='${exec_prefix}/libexec'
localstatedir='${prefix}/var'
mandir='${prefix}/man'
mkdir_p='mkdir -p --'
oldincludedir='/usr/include'
prefix='/usr/local'
program_transform_name='s,x,x,'
sbindir='${exec_prefix}/sbin'
sharedstatedir='${prefix}/com'
sysconfdir='${prefix}/etc'
target_alias=''

## ----------- ##
## confdefs.h. ##
## ----------- ##

#define HAVE_AFS_STRING_TO_KEY 1
#define HAVE_ALLOCA 1
#define HAVE_ALLOCA_H 1
#define HAVE_ARPA_INET_H 1
#define HAVE_DECL_ASPRINTF 0
#define HAVE_DECL_HERROR 1
#define HAVE_DECL_VASPRINTF 0
#define HAVE_DIRENT_H 1
#define HAVE_DLFCN_H 1
#define HAVE_ERRNO_H 1
#define HAVE_GETOPT_LONG 1
#define HAVE_GETTIMEOFDAY 1
#define HAVE_GSSAPI_GSSAPI_H 1
#define HAVE_GSSAPI_GSSAPI_KRB5_H 1
#define HAVE_INTTYPES_H 1
#define HAVE_KERBEROS 1
#define HAVE_KRB4 1
#define HAVE_KRB5 1
#define HAVE_KRB5_H 1
#define HAVE_KRB_H 1
#define HAVE_LIBREADLINE 420
#define HAVE_MEMCPY 1
#define HAVE_MEMORY_H 1
#define HAVE_MEMORY_H 1
#define HAVE_NETDB_H 1
#define HAVE_NETINET_IN_H 1
#define HAVE_NETINET_IN_SYSTM_H 1
#define HAVE_NETINET_IP_H 1
#define HAVE_POSIX_SIGNALS
#define HAVE_POSIX_SIGSETJMP
#define HAVE_PWD_H 1
#define HAVE_READLINE_HISTORY_H 1
#define HAVE_READLINE_READLINE_H 1
#define HAVE_REGEX
#define HAVE_REGEX_H 1
#define HAVE_SETJMP_H 1
#define HAVE_SETSOCKOPT 1
#define HAVE_STDINT_H 1
#define HAVE_STDLIB_H 1
#define HAVE_STDLIB_H 1
#define HAVE_STRCOLL 1
#define HAVE_STRINGS_H 1
#define HAVE_STRING_H 1
#define HAVE_SYS_BITYPES_H 1
#define HAVE_SYS_IOCTL_H 1
#define HAVE_SYS_SOCKET_H 1
#define HAVE_SYS_STAT_H 1
#define HAVE_SYS_STAT_H 1
#define HAVE_SYS_TYPES_H 1
#define HAVE_SYS_TYPES_H 1
#define HAVE_SYS_WAIT_H 1
#define HAVE_UNAME 1
#define HAVE_UNISTD_H 1
#define HAVE_UNISTD_H 1
#define HAVE_U_INT64_T
#define HAVE_U_INTXX_T
#define HAVE_VASPRINTF 1
#define HOSTTYPE "x86_64-redhat-linux-gnu"
#define PACKAGE "yafc"
#define PACKAGE_BUGREPORT "yafc-devel@lists.sourceforge.net"
#define PACKAGE_NAME "yafc"
#define PACKAGE_STRING "yafc 1.1.1"
#define PACKAGE_TARNAME "yafc"
#define PACKAGE_VERSION "1.1.1"
#define RETSIGTYPE void
#define STDC_HEADERS 1
#define STDC_HEADERS 1
#define TIME_WITH_SYS_TIME 1
#define VERSION "1.1.1"
#endif
#ifdef __cplusplus
extern "C" void std::exit (int) throw (); using std::exit;

configure: exit 0
